{"meta": {"format": 3, "version": "7.13.1", "timestamp": "2026-01-22T19:06:33.105164", "branch_coverage": false, "show_contexts": false}, "files": {"github_mcp/__init__.py": {"executed_lines": [7, 9, 10, 12, 15, 16, 19, 22], "summary": {"covered_lines": 8, "num_statements": 11, "percent_covered": 72.72727272727273, "percent_covered_display": "73", "missing_lines": 3, "excluded_lines": 0, "percent_statements_covered": 72.72727272727273, "percent_statements_covered_display": "73"}, "missing_lines": [17, 18, 23], "excluded_lines": [], "functions": {"__getattr__": {"executed_lines": [16, 19], "summary": {"covered_lines": 2, "num_statements": 4, "percent_covered": 50.0, "percent_covered_display": "50", "missing_lines": 2, "excluded_lines": 0, "percent_statements_covered": 50.0, "percent_statements_covered_display": "50"}, "missing_lines": [17, 18], "excluded_lines": [], "start_line": 15}, "__dir__": {"executed_lines": [], "summary": {"covered_lines": 0, "num_statements": 1, "percent_covered": 0.0, "percent_covered_display": "0", "missing_lines": 1, "excluded_lines": 0, "percent_statements_covered": 0.0, "percent_statements_covered_display": "0"}, "missing_lines": [23], "excluded_lines": [], "start_line": 22}, "": {"executed_lines": [7, 9, 10, 12, 15, 22], "summary": {"covered_lines": 6, "num_statements": 6, "percent_covered": 100.0, "percent_covered_display": "100", "missing_lines": 0, "excluded_lines": 0, "percent_statements_covered": 100.0, "percent_statements_covered_display": "100"}, "missing_lines": [], "excluded_lines": [], "start_line": 1}}, "classes": {"": {"executed_lines": [7, 9, 10, 12, 15, 16, 19, 22], "summary": {"covered_lines": 8, "num_statements": 11, "percent_covered": 72.72727272727273, "percent_covered_display": "73", "missing_lines": 3, "excluded_lines": 0, "percent_statements_covered": 72.72727272727273, "percent_statements_covered_display": "73"}, "missing_lines": [17, 18, 23], "excluded_lines": [], "start_line": 1}}}, "github_mcp/async_utils.py": {"executed_lines": [8, 10, 11, 12, 15, 23, 24, 25, 26, 28, 29, 30, 32, 39, 48, 49, 51, 52, 53, 58, 59, 60, 61, 63, 69, 77, 78, 82, 98, 99, 100, 101, 112, 115, 116, 119, 126, 133, 152, 154, 155, 156, 157, 161, 164, 166, 168, 169, 181, 182, 185], "summary": {"covered_lines": 51, "num_statements": 102, "percent_covered": 50.0, "percent_covered_display": "50", "missing_lines": 51, "excluded_lines": 0, "percent_statements_covered": 50.0, "percent_statements_covered_display": "50"}, "missing_lines": [31, 33, 34, 35, 36, 54, 56, 64, 65, 66, 67, 70, 71, 72, 73, 74, 75, 79, 84, 85, 86, 87, 88, 90, 91, 92, 93, 94, 95, 102, 103, 104, 107, 108, 109, 110, 120, 121, 123, 127, 128, 129, 130, 158, 159, 162, 175, 176, 177, 178, 179], "excluded_lines": [], "functions": {"active_event_loop": {"executed_lines": [23, 24, 25, 26, 28, 29, 30, 32], "summary": {"covered_lines": 8, "num_statements": 13, "percent_covered": 61.53846153846154, "percent_covered_display": "62", "missing_lines": 5, "excluded_lines": 0, "percent_statements_covered": 61.53846153846154, "percent_statements_covered_display": "62"}, "missing_lines": [31, 33, 34, 35, 36], "excluded_lines": [], "start_line": 15}, "_schedule_close": {"executed_lines": [48, 49, 51, 52, 53, 58, 59, 60, 61, 63, 69, 77, 112, 115, 116, 119, 126], "summary": {"covered_lines": 17, "num_statements": 26, "percent_covered": 65.38461538461539, "percent_covered_display": "65", "missing_lines": 9, "excluded_lines": 0, "percent_statements_covered": 65.38461538461539, "percent_statements_covered_display": "65"}, "missing_lines": [54, 56, 120, 121, 123, 127, 128, 129, 130], "excluded_lines": [], "start_line": 39}, "_schedule_close._log": {"executed_lines": [], "summary": {"covered_lines": 0, "num_statements": 4, "percent_covered": 0.0, "percent_covered_display": "0", "missing_lines": 4, "excluded_lines": 0, "percent_statements_covered": 0.0, "percent_statements_covered_display": "0"}, "missing_lines": [64, 65, 66, 67], "excluded_lines": [], "start_line": 63}, "_schedule_close._schedule_on_running_loop": {"executed_lines": [], "summary": {"covered_lines": 0, "num_statements": 6, "percent_covered": 0.0, "percent_covered_display": "0", "missing_lines": 6, "excluded_lines": 0, "percent_statements_covered": 0.0, "percent_statements_covered_display": "0"}, "missing_lines": [70, 71, 72, 73, 74, 75], "excluded_lines": [], "start_line": 69}, "_schedule_close._try_client_loop": {"executed_lines": [78, 82, 98, 99, 100, 101], "summary": {"covered_lines": 6, "num_statements": 25, "percent_covered": 24.0, "percent_covered_display": "24", "missing_lines": 19, "excluded_lines": 0, "percent_statements_covered": 24.0, "percent_statements_covered_display": "24"}, "missing_lines": [79, 84, 85, 86, 87, 88, 90, 91, 92, 93, 94, 95, 102, 103, 104, 107, 108, 109, 110], "excluded_lines": [], "start_line": 77}, "refresh_async_client": {"executed_lines": [152, 154, 155, 156, 157, 161, 164, 166, 168, 169, 181, 182], "summary": {"covered_lines": 12, "num_statements": 20, "percent_covered": 60.0, "percent_covered_display": "60", "missing_lines": 8, "excluded_lines": 0, "percent_statements_covered": 60.0, "percent_statements_covered_display": "60"}, "missing_lines": [158, 159, 162, 175, 176, 177, 178, 179], "excluded_lines": [], "start_line": 133}, "": {"executed_lines": [8, 10, 11, 12, 15, 39, 133, 185], "summary": {"covered_lines": 8, "num_statements": 8, "percent_covered": 100.0, "percent_covered_display": "100", "missing_lines": 0, "excluded_lines": 0, "percent_statements_covered": 100.0, "percent_statements_covered_display": "100"}, "missing_lines": [], "excluded_lines": [], "start_line": 1}}, "classes": {"": {"executed_lines": [8, 10, 11, 12, 15, 23, 24, 25, 26, 28, 29, 30, 32, 39, 48, 49, 51, 52, 53, 58, 59, 60, 61, 63, 69, 77, 78, 82, 98, 99, 100, 101, 112, 115, 116, 119, 126, 133, 152, 154, 155, 156, 157, 161, 164, 166, 168, 169, 181, 182, 185], "summary": {"covered_lines": 51, "num_statements": 102, "percent_covered": 50.0, "percent_covered_display": "50", "missing_lines": 51, "excluded_lines": 0, "percent_statements_covered": 50.0, "percent_statements_covered_display": "50"}, "missing_lines": [31, 33, 34, 35, 36, 54, 56, 64, 65, 66, 67, 70, 71, 72, 73, 74, 75, 79, 84, 85, 86, 87, 88, 90, 91, 92, 93, 94, 95, 102, 103, 104, 107, 108, 109, 110, 120, 121, 123, 127, 128, 129, 130, 158, 159, 162, 175, 176, 177, 178, 179], "excluded_lines": [], "start_line": 1}}}, "github_mcp/command_classification.py": {"executed_lines": [1, 3, 4, 5, 7, 31, 45, 70, 90, 93, 96, 97, 100, 110, 113, 114, 115, 117, 118, 119, 120, 121, 126, 133, 134, 135, 136, 137, 138, 139, 140, 142, 144, 146, 147, 148, 150, 152, 153, 154, 155, 157, 159, 162, 171, 177, 178, 179, 180, 181, 182, 183, 184, 187, 190, 193, 196, 197, 200, 204, 209, 210, 213, 214, 215, 216, 219, 220, 222, 223, 224, 225, 226, 231, 232, 233, 234, 235, 236, 241, 242, 245, 246, 249, 253, 257, 278, 279, 280, 283, 284, 287, 288, 289, 290, 291, 293, 294, 296, 298, 299, 300, 305, 306, 309, 312, 313, 314, 315, 319, 336, 337, 339, 342, 343, 344, 345, 346, 349, 350, 354, 359, 360, 363, 364, 365, 366, 367, 368, 369, 370, 372, 373, 376, 377, 378, 380, 381, 383, 384], "summary": {"covered_lines": 140, "num_statements": 174, "percent_covered": 80.45977011494253, "percent_covered_display": "80", "missing_lines": 34, "excluded_lines": 0, "percent_statements_covered": 80.45977011494253, "percent_statements_covered_display": "80"}, "missing_lines": [111, 122, 123, 124, 128, 129, 130, 131, 145, 149, 151, 191, 201, 205, 206, 228, 238, 250, 254, 258, 259, 260, 261, 273, 275, 302, 316, 340, 351, 352, 355, 374, 379, 385], "excluded_lines": [], "functions": {"_has_unquoted_output_redirection": {"executed_lines": [110, 113, 114, 115, 117, 118, 119, 120, 121, 126, 133, 134, 135, 136, 137, 138, 139, 140, 142, 144, 146, 147, 148, 150, 152, 153, 154, 155, 157, 159], "summary": {"covered_lines": 30, "num_statements": 41, "percent_covered": 73.17073170731707, "percent_covered_display": "73", "missing_lines": 11, "excluded_lines": 0, "percent_statements_covered": 73.17073170731707, "percent_statements_covered_display": "73"}, "missing_lines": [111, 122, 123, 124, 128, 129, 130, 131, 145, 149, 151], "excluded_lines": [], "start_line": 100}, "_split_pipeline": {"executed_lines": [177, 178, 179, 180, 181, 182, 183, 184], "summary": {"covered_lines": 8, "num_statements": 8, "percent_covered": 100.0, "percent_covered_display": "100", "missing_lines": 0, "excluded_lines": 0, "percent_statements_covered": 100.0, "percent_statements_covered_display": "100"}, "missing_lines": [], "excluded_lines": [], "start_line": 171}, "_infer_write_action_from_parts": {"executed_lines": [190, 193, 196, 197, 200, 204, 209, 210, 213, 214, 215, 216, 219, 220, 222, 223, 224, 225, 226, 231, 232, 233, 234, 235, 236, 241, 242, 245, 246, 249, 253, 257, 278, 279, 280, 283, 284, 287, 288, 289, 290, 291, 293, 294, 296, 298, 299, 300, 305, 306, 309], "summary": {"covered_lines": 51, "num_statements": 66, "percent_covered": 77.27272727272727, "percent_covered_display": "77", "missing_lines": 15, "excluded_lines": 0, "percent_statements_covered": 77.27272727272727, "percent_statements_covered_display": "77"}, "missing_lines": [191, 201, 205, 206, 228, 238, 250, 254, 258, 259, 260, 261, 273, 275, 302], "excluded_lines": [], "start_line": 187}, "_first_non_empty": {"executed_lines": [313, 314, 315], "summary": {"covered_lines": 3, "num_statements": 4, "percent_covered": 75.0, "percent_covered_display": "75", "missing_lines": 1, "excluded_lines": 0, "percent_statements_covered": 75.0, "percent_statements_covered_display": "75"}, "missing_lines": [316], "excluded_lines": [], "start_line": 312}, "infer_write_action_from_shell": {"executed_lines": [336, 337, 339, 342, 343, 344, 345, 346, 349, 350, 354, 359, 360, 363, 364, 365, 366, 367, 368, 369, 370, 372, 383, 384], "summary": {"covered_lines": 24, "num_statements": 29, "percent_covered": 82.75862068965517, "percent_covered_display": "83", "missing_lines": 5, "excluded_lines": 0, "percent_statements_covered": 82.75862068965517, "percent_statements_covered_display": "83"}, "missing_lines": [340, 351, 352, 355, 385], "excluded_lines": [], "start_line": 319}, "infer_write_action_from_shell._segment_is_write": {"executed_lines": [373, 376, 377, 378, 380, 381], "summary": {"covered_lines": 6, "num_statements": 8, "percent_covered": 75.0, "percent_covered_display": "75", "missing_lines": 2, "excluded_lines": 0, "percent_statements_covered": 75.0, "percent_statements_covered_display": "75"}, "missing_lines": [374, 379], "excluded_lines": [], "start_line": 372}, "": {"executed_lines": [1, 3, 4, 5, 7, 31, 45, 70, 90, 93, 96, 97, 100, 162, 171, 187, 312, 319], "summary": {"covered_lines": 18, "num_statements": 18, "percent_covered": 100.0, "percent_covered_display": "100", "missing_lines": 0, "excluded_lines": 0, "percent_statements_covered": 100.0, "percent_statements_covered_display": "100"}, "missing_lines": [], "excluded_lines": [], "start_line": 1}}, "classes": {"": {"executed_lines": [1, 3, 4, 5, 7, 31, 45, 70, 90, 93, 96, 97, 100, 110, 113, 114, 115, 117, 118, 119, 120, 121, 126, 133, 134, 135, 136, 137, 138, 139, 140, 142, 144, 146, 147, 148, 150, 152, 153, 154, 155, 157, 159, 162, 171, 177, 178, 179, 180, 181, 182, 183, 184, 187, 190, 193, 196, 197, 200, 204, 209, 210, 213, 214, 215, 216, 219, 220, 222, 223, 224, 225, 226, 231, 232, 233, 234, 235, 236, 241, 242, 245, 246, 249, 253, 257, 278, 279, 280, 283, 284, 287, 288, 289, 290, 291, 293, 294, 296, 298, 299, 300, 305, 306, 309, 312, 313, 314, 315, 319, 336, 337, 339, 342, 343, 344, 345, 346, 349, 350, 354, 359, 360, 363, 364, 365, 366, 367, 368, 369, 370, 372, 373, 376, 377, 378, 380, 381, 383, 384], "summary": {"covered_lines": 140, "num_statements": 174, "percent_covered": 80.45977011494253, "percent_covered_display": "80", "missing_lines": 34, "excluded_lines": 0, "percent_statements_covered": 80.45977011494253, "percent_statements_covered_display": "80"}, "missing_lines": [111, 122, 123, 124, 128, 129, 130, 131, 145, 149, 151, 191, 201, 205, 206, 228, 238, 250, 254, 258, 259, 260, 261, 273, 275, 302, 316, 340, 351, 352, 355, 374, 379, 385], "excluded_lines": [], "start_line": 1}}}, "github_mcp/config.py": {"executed_lines": [3, 5, 6, 7, 8, 9, 10, 11, 12, 14, 16, 17, 19, 21, 26, 27, 30, 41, 42, 44, 48, 51, 53, 54, 56, 57, 58, 59, 63, 75, 88, 89, 91, 95, 96, 148, 159, 162, 163, 164, 168, 169, 177, 187, 190, 191, 200, 201, 202, 203, 206, 208, 209, 227, 228, 233, 249, 252, 253, 254, 256, 258, 259, 260, 261, 264, 265, 266, 267, 268, 269, 271, 272, 286, 289, 297, 310, 311, 312, 315, 336, 337, 338, 339, 341, 347, 348, 349, 350, 352, 353, 356, 357, 360, 370, 371, 374, 375, 376, 380, 381, 382, 384, 385, 387, 388, 392, 395, 398, 401, 404, 407, 411, 412, 420, 423, 426, 430, 448, 452, 459, 470, 471, 475, 478, 482, 488, 491, 495, 499, 508, 509, 513, 525, 531, 532, 535, 538, 542, 549, 556, 559, 560, 561, 577, 578, 579, 580, 582, 583, 585, 588, 589, 604, 605, 607, 613, 614, 615, 617, 619, 624, 630, 631, 632, 633, 634, 635, 636, 640, 641, 643, 644, 645, 646, 647, 648, 649, 653, 654, 656, 663, 665, 675, 677, 678, 679, 680, 681, 682, 685, 686, 687, 696, 698, 710, 711, 714, 717, 824, 827, 831, 832, 834, 836, 838, 840, 841, 843, 844, 845, 847, 848, 850, 852, 853, 854, 861, 881, 884, 885, 886, 888, 890, 891, 893, 896, 899, 912, 916, 919, 920, 921, 923, 924, 927, 930, 931, 932, 935, 938, 939, 946, 948, 949, 950, 951, 952, 953, 955, 958, 960, 961, 962, 966, 968, 969, 970, 971, 973, 977, 978, 979, 980, 990, 991, 992, 993, 994, 999, 1000, 1001, 1002, 1004, 1007, 1009, 1010, 1011, 1013, 1016, 1027, 1028, 1034, 1037, 1040, 1044], "summary": {"covered_lines": 286, "num_statements": 443, "percent_covered": 64.55981941309255, "percent_covered_display": "65", "missing_lines": 157, "excluded_lines": 102, "percent_statements_covered": 64.55981941309255, "percent_statements_covered_display": "65"}, "missing_lines": [46, 49, 52, 55, 60, 93, 98, 99, 100, 102, 103, 104, 105, 106, 107, 109, 110, 111, 112, 113, 115, 117, 118, 119, 120, 122, 123, 124, 125, 126, 127, 128, 130, 131, 132, 133, 134, 136, 137, 138, 139, 141, 142, 143, 144, 145, 160, 166, 171, 172, 173, 174, 188, 205, 211, 212, 220, 221, 222, 223, 224, 225, 229, 230, 236, 237, 238, 239, 240, 241, 242, 243, 245, 246, 262, 273, 281, 282, 283, 284, 316, 317, 319, 320, 321, 324, 325, 326, 327, 328, 330, 354, 372, 377, 378, 562, 563, 564, 565, 566, 567, 568, 570, 571, 572, 573, 574, 584, 586, 591, 592, 593, 594, 595, 596, 598, 599, 601, 616, 637, 638, 650, 651, 688, 712, 828, 833, 835, 837, 849, 855, 856, 857, 858, 859, 860, 862, 863, 864, 865, 866, 867, 868, 869, 870, 871, 872, 874, 876, 877, 878, 879, 887, 892, 913, 933, 934], "excluded_lines": [720, 721, 722, 723, 724, 725, 726, 727, 728, 729, 730, 731, 732, 733, 734, 735, 736, 737, 738, 739, 740, 741, 742, 743, 744, 745, 746, 747, 748, 749, 750, 751, 752, 753, 754, 755, 756, 757, 758, 759, 760, 761, 762, 763, 764, 765, 766, 767, 768, 769, 770, 771, 772, 773, 774, 775, 776, 777, 778, 779, 780, 781, 782, 783, 784, 785, 786, 787, 788, 789, 790, 791, 792, 793, 794, 795, 796, 797, 798, 799, 800, 801, 802, 803, 804, 805, 806, 807, 808, 809, 810, 811, 812, 813, 814, 815, 816, 817, 818, 819, 820, 821], "functions": {"shorten_token": {"executed_lines": [41, 42, 44, 48, 51, 53, 54, 56, 57, 58, 59], "summary": {"covered_lines": 11, "num_statements": 16, "percent_covered": 68.75, "percent_covered_display": "69", "missing_lines": 5, "excluded_lines": 0, "percent_statements_covered": 68.75, "percent_statements_covered_display": "69"}, "missing_lines": [46, 49, 52, 55, 60], "excluded_lines": [], "start_line": 30}, "_sanitize_for_logs": {"executed_lines": [88, 89, 91, 95, 96], "summary": {"covered_lines": 5, "num_statements": 16, "percent_covered": 31.25, "percent_covered_display": "31", "missing_lines": 11, "excluded_lines": 0, "percent_statements_covered": 31.25, "percent_statements_covered_display": "31"}, "missing_lines": [93, 98, 99, 100, 102, 109, 141, 142, 143, 144, 145], "excluded_lines": [], "start_line": 75}, "_sanitize_for_logs._clip_str": {"executed_lines": [], "summary": {"covered_lines": 0, "num_statements": 5, "percent_covered": 0.0, "percent_covered_display": "0", "missing_lines": 5, "excluded_lines": 0, "percent_statements_covered": 0.0, "percent_statements_covered_display": "0"}, "missing_lines": [103, 104, 105, 106, 107], "excluded_lines": [], "start_line": 102}, "_sanitize_for_logs.walk": {"executed_lines": [], "summary": {"covered_lines": 0, "num_statements": 25, "percent_covered": 0.0, "percent_covered_display": "0", "missing_lines": 25, "excluded_lines": 0, "percent_statements_covered": 0.0, "percent_statements_covered_display": "0"}, "missing_lines": [110, 111, 112, 113, 115, 117, 118, 119, 120, 122, 123, 124, 125, 126, 127, 128, 130, 131, 132, 133, 134, 136, 137, 138, 139], "excluded_lines": [], "start_line": 109}, "summarize_request_context": {"executed_lines": [159, 162, 163, 164, 168, 169], "summary": {"covered_lines": 6, "num_statements": 12, "percent_covered": 50.0, "percent_covered_display": "50", "missing_lines": 6, "excluded_lines": 0, "percent_statements_covered": 50.0, "percent_statements_covered_display": "50"}, "missing_lines": [160, 166, 171, 172, 173, 174], "excluded_lines": [], "start_line": 148}, "snapshot_request_context": {"executed_lines": [187, 190, 191, 200, 201, 202, 203, 206, 208, 209, 227, 228], "summary": {"covered_lines": 12, "num_statements": 24, "percent_covered": 50.0, "percent_covered_display": "50", "missing_lines": 12, "excluded_lines": 0, "percent_statements_covered": 50.0, "percent_statements_covered_display": "50"}, "missing_lines": [188, 205, 211, 212, 220, 221, 222, 223, 224, 225, 229, 230], "excluded_lines": [], "start_line": 177}, "_humanize_id_for_log_line": {"executed_lines": [], "summary": {"covered_lines": 0, "num_statements": 10, "percent_covered": 0.0, "percent_covered_display": "0", "missing_lines": 10, "excluded_lines": 0, "percent_statements_covered": 0.0, "percent_statements_covered_display": "0"}, "missing_lines": [236, 237, 238, 239, 240, 241, 242, 243, 245, 246], "excluded_lines": [], "start_line": 233}, "format_log_context": {"executed_lines": [252, 253, 254, 256, 258, 264, 265, 266, 267, 268, 269, 271, 272, 286], "summary": {"covered_lines": 14, "num_statements": 19, "percent_covered": 73.6842105263158, "percent_covered_display": "74", "missing_lines": 5, "excluded_lines": 0, "percent_statements_covered": 73.6842105263158, "percent_statements_covered_display": "74"}, "missing_lines": [273, 281, 282, 283, 284], "excluded_lines": [], "start_line": 249}, "format_log_context.add": {"executed_lines": [259, 260, 261], "summary": {"covered_lines": 3, "num_statements": 4, "percent_covered": 75.0, "percent_covered_display": "75", "missing_lines": 1, "excluded_lines": 0, "percent_statements_covered": 75.0, "percent_statements_covered_display": "75"}, "missing_lines": [262], "excluded_lines": [], "start_line": 258}, "_is_render_runtime": {"executed_lines": [297], "summary": {"covered_lines": 1, "num_statements": 1, "percent_covered": 100.0, "percent_covered_display": "100", "missing_lines": 0, "excluded_lines": 0, "percent_statements_covered": 100.0, "percent_statements_covered_display": "100"}, "missing_lines": [], "excluded_lines": [], "start_line": 289}, "_env_flag": {"executed_lines": [311, 312], "summary": {"covered_lines": 2, "num_statements": 2, "percent_covered": 100.0, "percent_covered_display": "100", "missing_lines": 0, "excluded_lines": 0, "percent_statements_covered": 100.0, "percent_statements_covered_display": "100"}, "missing_lines": [], "excluded_lines": [], "start_line": 310}, "_resolve_log_level": {"executed_lines": [], "summary": {"covered_lines": 0, "num_statements": 11, "percent_covered": 0.0, "percent_covered_display": "0", "missing_lines": 11, "excluded_lines": 0, "percent_statements_covered": 0.0, "percent_statements_covered_display": "0"}, "missing_lines": [316, 317, 319, 320, 321, 324, 325, 326, 327, 328, 330], "excluded_lines": [], "start_line": 315}, "_default_workspace_base_dir": {"executed_lines": [348, 349, 350, 352, 353, 356, 357], "summary": {"covered_lines": 7, "num_statements": 8, "percent_covered": 87.5, "percent_covered_display": "88", "missing_lines": 1, "excluded_lines": 0, "percent_statements_covered": 87.5, "percent_statements_covered_display": "88"}, "missing_lines": [354], "excluded_lines": [], "start_line": 347}, "_slugify_app_name": {"executed_lines": [560, 561], "summary": {"covered_lines": 2, "num_statements": 14, "percent_covered": 14.285714285714286, "percent_covered_display": "14", "missing_lines": 12, "excluded_lines": 0, "percent_statements_covered": 14.285714285714286, "percent_statements_covered_display": "14"}, "missing_lines": [562, 563, 564, 565, 566, 567, 568, 570, 571, 572, 573, 574], "excluded_lines": [], "start_line": 559}, "_resolve_app_identity": {"executed_lines": [578, 579, 580, 582, 583, 585, 588, 589], "summary": {"covered_lines": 8, "num_statements": 19, "percent_covered": 42.10526315789474, "percent_covered_display": "42", "missing_lines": 11, "excluded_lines": 0, "percent_statements_covered": 42.10526315789474, "percent_statements_covered_display": "42"}, "missing_lines": [584, 586, 591, 592, 593, 594, 595, 596, 598, 599, 601], "excluded_lines": [], "start_line": 577}, "_resolve_git_identity": {"executed_lines": [605, 607, 619, 624, 630, 631, 632, 633, 634, 635, 636, 640, 641, 643, 644, 645, 646, 647, 648, 649, 653, 654, 656, 663, 665], "summary": {"covered_lines": 25, "num_statements": 29, "percent_covered": 86.20689655172414, "percent_covered_display": "86", "missing_lines": 4, "excluded_lines": 0, "percent_statements_covered": 86.20689655172414, "percent_statements_covered_display": "86"}, "missing_lines": [637, 638, 650, 651], "excluded_lines": [], "start_line": 604}, "_resolve_git_identity.resolve_value": {"executed_lines": [613, 614, 615, 617], "summary": {"covered_lines": 4, "num_statements": 5, "percent_covered": 80.0, "percent_covered_display": "80", "missing_lines": 1, "excluded_lines": 0, "percent_statements_covered": 80.0, "percent_statements_covered_display": "80"}, "missing_lines": [616], "excluded_lines": [], "start_line": 607}, "git_identity_warnings": {"executed_lines": [686, 687], "summary": {"covered_lines": 2, "num_statements": 3, "percent_covered": 66.66666666666667, "percent_covered_display": "67", "missing_lines": 1, "excluded_lines": 0, "percent_statements_covered": 66.66666666666667, "percent_statements_covered_display": "67"}, "missing_lines": [688], "excluded_lines": [], "start_line": 685}, "_StructuredFormatter.format": {"executed_lines": [], "summary": {"covered_lines": 0, "num_statements": 0, "percent_covered": 100.0, "percent_covered_display": "100", "missing_lines": 0, "excluded_lines": 100, "percent_statements_covered": 100.0, "percent_statements_covered_display": "100"}, "missing_lines": [], "excluded_lines": [722, 723, 724, 725, 726, 727, 728, 729, 730, 731, 732, 733, 734, 735, 736, 737, 738, 739, 740, 741, 742, 743, 744, 745, 746, 747, 748, 749, 750, 751, 752, 753, 754, 755, 756, 757, 758, 759, 760, 761, 762, 763, 764, 765, 766, 767, 768, 769, 770, 771, 772, 773, 774, 775, 776, 777, 778, 779, 780, 781, 782, 783, 784, 785, 786, 787, 788, 789, 790, 791, 792, 793, 794, 795, 796, 797, 798, 799, 800, 801, 802, 803, 804, 805, 806, 807, 808, 809, 810, 811, 812, 813, 814, 815, 816, 817, 818, 819, 820, 821], "start_line": 720}, "_format_extras_block": {"executed_lines": [827, 831, 843, 844, 845, 847, 852, 884, 885, 886, 888, 890, 891, 893], "summary": {"covered_lines": 14, "num_statements": 17, "percent_covered": 82.3529411764706, "percent_covered_display": "82", "missing_lines": 3, "excluded_lines": 0, "percent_statements_covered": 82.3529411764706, "percent_statements_covered_display": "82"}, "missing_lines": [828, 887, 892], "excluded_lines": [], "start_line": 824}, "_format_extras_block.scalar": {"executed_lines": [832, 834, 836, 838, 840, 841], "summary": {"covered_lines": 6, "num_statements": 9, "percent_covered": 66.66666666666667, "percent_covered_display": "67", "missing_lines": 3, "excluded_lines": 0, "percent_statements_covered": 66.66666666666667, "percent_statements_covered_display": "67"}, "missing_lines": [833, 835, 837], "excluded_lines": [], "start_line": 831}, "_format_extras_block.emit": {"executed_lines": [848, 850], "summary": {"covered_lines": 2, "num_statements": 3, "percent_covered": 66.66666666666667, "percent_covered_display": "67", "missing_lines": 1, "excluded_lines": 0, "percent_statements_covered": 66.66666666666667, "percent_statements_covered_display": "67"}, "missing_lines": [849], "excluded_lines": [], "start_line": 847}, "_format_extras_block.walk": {"executed_lines": [853, 854, 861, 881], "summary": {"covered_lines": 4, "num_statements": 26, "percent_covered": 15.384615384615385, "percent_covered_display": "15", "missing_lines": 22, "excluded_lines": 0, "percent_statements_covered": 15.384615384615385, "percent_statements_covered_display": "15"}, "missing_lines": [855, 856, 857, 858, 859, 860, 862, 863, 864, 865, 866, 867, 868, 869, 870, 871, 872, 874, 876, 877, 878, 879], "excluded_lines": [], "start_line": 852}, "_InfoOnlyFilter.filter": {"executed_lines": [], "summary": {"covered_lines": 0, "num_statements": 1, "percent_covered": 0.0, "percent_covered_display": "0", "missing_lines": 1, "excluded_lines": 0, "percent_statements_covered": 0.0, "percent_statements_covered_display": "0"}, "missing_lines": [913], "excluded_lines": [], "start_line": 912}, "_MinLevelFilter.__init__": {"executed_lines": [920, 921], "summary": {"covered_lines": 2, "num_statements": 2, "percent_covered": 100.0, "percent_covered_display": "100", "missing_lines": 0, "excluded_lines": 0, "percent_statements_covered": 100.0, "percent_statements_covered_display": "100"}, "missing_lines": [], "excluded_lines": [], "start_line": 919}, "_MinLevelFilter.filter": {"executed_lines": [924], "summary": {"covered_lines": 1, "num_statements": 1, "percent_covered": 100.0, "percent_covered_display": "100", "missing_lines": 0, "excluded_lines": 0, "percent_statements_covered": 100.0, "percent_statements_covered_display": "100"}, "missing_lines": [], "excluded_lines": [], "start_line": 923}, "_UvicornHealthzFilter.filter": {"executed_lines": [931, 932, 935], "summary": {"covered_lines": 3, "num_statements": 5, "percent_covered": 60.0, "percent_covered_display": "60", "missing_lines": 2, "excluded_lines": 0, "percent_statements_covered": 60.0, "percent_statements_covered_display": "60"}, "missing_lines": [933, 934], "excluded_lines": [], "start_line": 930}, "_extract_log_extras": {"executed_lines": [939, 946, 948, 949, 950, 951, 952, 953, 955], "summary": {"covered_lines": 9, "num_statements": 9, "percent_covered": 100.0, "percent_covered_display": "100", "missing_lines": 0, "excluded_lines": 0, "percent_statements_covered": 100.0, "percent_statements_covered_display": "100"}, "missing_lines": [], "excluded_lines": [], "start_line": 938}, "_configure_logging": {"executed_lines": [960, 961, 962, 966, 968, 969, 970, 971, 973, 977, 978, 979, 980, 990, 991, 992, 993, 994, 999, 1000, 1001, 1002, 1004], "summary": {"covered_lines": 23, "num_statements": 23, "percent_covered": 100.0, "percent_covered_display": "100", "missing_lines": 0, "excluded_lines": 0, "percent_statements_covered": 100.0, "percent_statements_covered_display": "100"}, "missing_lines": [], "excluded_lines": [], "start_line": 958}, "": {"executed_lines": [3, 5, 6, 7, 8, 9, 10, 11, 12, 14, 16, 17, 19, 21, 26, 27, 30, 63, 75, 148, 177, 233, 249, 289, 310, 315, 336, 337, 338, 339, 341, 347, 360, 370, 371, 374, 375, 376, 380, 381, 382, 384, 385, 387, 388, 392, 395, 398, 401, 404, 407, 411, 412, 420, 423, 426, 430, 448, 452, 459, 470, 471, 475, 478, 482, 488, 491, 495, 499, 508, 509, 513, 525, 531, 532, 535, 538, 542, 549, 556, 559, 577, 604, 675, 677, 678, 679, 680, 681, 682, 685, 696, 698, 710, 711, 714, 717, 824, 896, 899, 912, 916, 919, 923, 927, 930, 938, 958, 1007, 1009, 1010, 1011, 1013, 1016, 1027, 1028, 1034, 1037, 1040, 1044], "summary": {"covered_lines": 120, "num_statements": 124, "percent_covered": 96.7741935483871, "percent_covered_display": "97", "missing_lines": 4, "excluded_lines": 2, "percent_statements_covered": 96.7741935483871, "percent_statements_covered_display": "97"}, "missing_lines": [372, 377, 378, 712], "excluded_lines": [720, 721], "start_line": 1}}, "classes": {"_StructuredFormatter": {"executed_lines": [], "summary": {"covered_lines": 0, "num_statements": 0, "percent_covered": 100.0, "percent_covered_display": "100", "missing_lines": 0, "excluded_lines": 100, "percent_statements_covered": 100.0, "percent_statements_covered_display": "100"}, "missing_lines": [], "excluded_lines": [722, 723, 724, 725, 726, 727, 728, 729, 730, 731, 732, 733, 734, 735, 736, 737, 738, 739, 740, 741, 742, 743, 744, 745, 746, 747, 748, 749, 750, 751, 752, 753, 754, 755, 756, 757, 758, 759, 760, 761, 762, 763, 764, 765, 766, 767, 768, 769, 770, 771, 772, 773, 774, 775, 776, 777, 778, 779, 780, 781, 782, 783, 784, 785, 786, 787, 788, 789, 790, 791, 792, 793, 794, 795, 796, 797, 798, 799, 800, 801, 802, 803, 804, 805, 806, 807, 808, 809, 810, 811, 812, 813, 814, 815, 816, 817, 818, 819, 820, 821], "start_line": 717}, "_InfoOnlyFilter": {"executed_lines": [], "summary": {"covered_lines": 0, "num_statements": 1, "percent_covered": 0.0, "percent_covered_display": "0", "missing_lines": 1, "excluded_lines": 0, "percent_statements_covered": 0.0, "percent_statements_covered_display": "0"}, "missing_lines": [913], "excluded_lines": [], "start_line": 899}, "_MinLevelFilter": {"executed_lines": [920, 921, 924], "summary": {"covered_lines": 3, "num_statements": 3, "percent_covered": 100.0, "percent_covered_display": "100", "missing_lines": 0, "excluded_lines": 0, "percent_statements_covered": 100.0, "percent_statements_covered_display": "100"}, "missing_lines": [], "excluded_lines": [], "start_line": 916}, "_UvicornHealthzFilter": {"executed_lines": [931, 932, 935], "summary": {"covered_lines": 3, "num_statements": 5, "percent_covered": 60.0, "percent_covered_display": "60", "missing_lines": 2, "excluded_lines": 0, "percent_statements_covered": 60.0, "percent_statements_covered_display": "60"}, "missing_lines": [933, 934], "excluded_lines": [], "start_line": 927}, "": {"executed_lines": [3, 5, 6, 7, 8, 9, 10, 11, 12, 14, 16, 17, 19, 21, 26, 27, 30, 41, 42, 44, 48, 51, 53, 54, 56, 57, 58, 59, 63, 75, 88, 89, 91, 95, 96, 148, 159, 162, 163, 164, 168, 169, 177, 187, 190, 191, 200, 201, 202, 203, 206, 208, 209, 227, 228, 233, 249, 252, 253, 254, 256, 258, 259, 260, 261, 264, 265, 266, 267, 268, 269, 271, 272, 286, 289, 297, 310, 311, 312, 315, 336, 337, 338, 339, 341, 347, 348, 349, 350, 352, 353, 356, 357, 360, 370, 371, 374, 375, 376, 380, 381, 382, 384, 385, 387, 388, 392, 395, 398, 401, 404, 407, 411, 412, 420, 423, 426, 430, 448, 452, 459, 470, 471, 475, 478, 482, 488, 491, 495, 499, 508, 509, 513, 525, 531, 532, 535, 538, 542, 549, 556, 559, 560, 561, 577, 578, 579, 580, 582, 583, 585, 588, 589, 604, 605, 607, 613, 614, 615, 617, 619, 624, 630, 631, 632, 633, 634, 635, 636, 640, 641, 643, 644, 645, 646, 647, 648, 649, 653, 654, 656, 663, 665, 675, 677, 678, 679, 680, 681, 682, 685, 686, 687, 696, 698, 710, 711, 714, 717, 824, 827, 831, 832, 834, 836, 838, 840, 841, 843, 844, 845, 847, 848, 850, 852, 853, 854, 861, 881, 884, 885, 886, 888, 890, 891, 893, 896, 899, 912, 916, 919, 923, 927, 930, 938, 939, 946, 948, 949, 950, 951, 952, 953, 955, 958, 960, 961, 962, 966, 968, 969, 970, 971, 973, 977, 978, 979, 980, 990, 991, 992, 993, 994, 999, 1000, 1001, 1002, 1004, 1007, 1009, 1010, 1011, 1013, 1016, 1027, 1028, 1034, 1037, 1040, 1044], "summary": {"covered_lines": 280, "num_statements": 434, "percent_covered": 64.51612903225806, "percent_covered_display": "65", "missing_lines": 154, "excluded_lines": 2, "percent_statements_covered": 64.51612903225806, "percent_statements_covered_display": "65"}, "missing_lines": [46, 49, 52, 55, 60, 93, 98, 99, 100, 102, 103, 104, 105, 106, 107, 109, 110, 111, 112, 113, 115, 117, 118, 119, 120, 122, 123, 124, 125, 126, 127, 128, 130, 131, 132, 133, 134, 136, 137, 138, 139, 141, 142, 143, 144, 145, 160, 166, 171, 172, 173, 174, 188, 205, 211, 212, 220, 221, 222, 223, 224, 225, 229, 230, 236, 237, 238, 239, 240, 241, 242, 243, 245, 246, 262, 273, 281, 282, 283, 284, 316, 317, 319, 320, 321, 324, 325, 326, 327, 328, 330, 354, 372, 377, 378, 562, 563, 564, 565, 566, 567, 568, 570, 571, 572, 573, 574, 584, 586, 591, 592, 593, 594, 595, 596, 598, 599, 601, 616, 637, 638, 650, 651, 688, 712, 828, 833, 835, 837, 849, 855, 856, 857, 858, 859, 860, 862, 863, 864, 865, 866, 867, 868, 869, 870, 871, 872, 874, 876, 877, 878, 879, 887, 892], "excluded_lines": [720, 721], "start_line": 1}}}, "github_mcp/diff_utils.py": {"executed_lines": [7, 9, 10, 11, 13, 14, 15, 16, 17, 20, 21, 22, 23, 26, 35, 38, 48, 49, 51, 59, 62, 65, 66, 67, 68, 69, 70, 71, 72, 73, 74, 75, 76, 79, 88, 89, 91, 92, 93, 94, 95, 96, 97, 98, 99, 100, 102, 104], "summary": {"covered_lines": 48, "num_statements": 48, "percent_covered": 100.0, "percent_covered_display": "100", "missing_lines": 0, "excluded_lines": 0, "percent_statements_covered": 100.0, "percent_statements_covered_display": "100"}, "missing_lines": [], "excluded_lines": [], "functions": {"sha1_8": {"executed_lines": [35], "summary": {"covered_lines": 1, "num_statements": 1, "percent_covered": 100.0, "percent_covered_display": "100", "missing_lines": 0, "excluded_lines": 0, "percent_statements_covered": 100.0, "percent_statements_covered_display": "100"}, "missing_lines": [], "excluded_lines": [], "start_line": 26}, "build_unified_diff": {"executed_lines": [48, 49, 51, 59], "summary": {"covered_lines": 4, "num_statements": 4, "percent_covered": 100.0, "percent_covered_display": "100", "missing_lines": 0, "excluded_lines": 0, "percent_statements_covered": 100.0, "percent_statements_covered_display": "100"}, "missing_lines": [], "excluded_lines": [], "start_line": 38}, "diff_stats": {"executed_lines": [65, 66, 67, 68, 69, 70, 71, 72, 73, 74, 75, 76], "summary": {"covered_lines": 12, "num_statements": 12, "percent_covered": 100.0, "percent_covered_display": "100", "missing_lines": 0, "excluded_lines": 0, "percent_statements_covered": 100.0, "percent_statements_covered_display": "100"}, "missing_lines": [], "excluded_lines": [], "start_line": 62}, "colorize_unified_diff": {"executed_lines": [88, 89, 91, 92, 93, 94, 95, 96, 97, 98, 99, 100, 102, 104], "summary": {"covered_lines": 14, "num_statements": 14, "percent_covered": 100.0, "percent_covered_display": "100", "missing_lines": 0, "excluded_lines": 0, "percent_statements_covered": 100.0, "percent_statements_covered_display": "100"}, "missing_lines": [], "excluded_lines": [], "start_line": 79}, "": {"executed_lines": [7, 9, 10, 11, 13, 14, 15, 16, 17, 20, 21, 22, 23, 26, 38, 62, 79], "summary": {"covered_lines": 17, "num_statements": 17, "percent_covered": 100.0, "percent_covered_display": "100", "missing_lines": 0, "excluded_lines": 0, "percent_statements_covered": 100.0, "percent_statements_covered_display": "100"}, "missing_lines": [], "excluded_lines": [], "start_line": 1}}, "classes": {"DiffStats": {"executed_lines": [], "summary": {"covered_lines": 0, "num_statements": 0, "percent_covered": 100.0, "percent_covered_display": "100", "missing_lines": 0, "excluded_lines": 0, "percent_statements_covered": 100.0, "percent_statements_covered_display": "100"}, "missing_lines": [], "excluded_lines": [], "start_line": 21}, "": {"executed_lines": [7, 9, 10, 11, 13, 14, 15, 16, 17, 20, 21, 22, 23, 26, 35, 38, 48, 49, 51, 59, 62, 65, 66, 67, 68, 69, 70, 71, 72, 73, 74, 75, 76, 79, 88, 89, 91, 92, 93, 94, 95, 96, 97, 98, 99, 100, 102, 104], "summary": {"covered_lines": 48, "num_statements": 48, "percent_covered": 100.0, "percent_covered_display": "100", "missing_lines": 0, "excluded_lines": 0, "percent_statements_covered": 100.0, "percent_statements_covered_display": "100"}, "missing_lines": [], "excluded_lines": [], "start_line": 1}}}, "github_mcp/exceptions.py": {"executed_lines": [3, 5, 8, 11, 18, 19, 20, 23, 24, 27, 28, 31, 34, 37, 41, 42, 45, 46, 49, 50, 53, 60, 61, 62, 65, 71, 74, 81, 101], "summary": {"covered_lines": 29, "num_statements": 36, "percent_covered": 80.55555555555556, "percent_covered_display": "81", "missing_lines": 7, "excluded_lines": 0, "percent_statements_covered": 80.55555555555556, "percent_statements_covered_display": "81"}, "missing_lines": [92, 93, 94, 95, 96, 97, 98], "excluded_lines": [], "functions": {"APIError.__init__": {"executed_lines": [18, 19, 20], "summary": {"covered_lines": 3, "num_statements": 3, "percent_covered": 100.0, "percent_covered_display": "100", "missing_lines": 0, "excluded_lines": 0, "percent_statements_covered": 100.0, "percent_statements_covered_display": "100"}, "missing_lines": [], "excluded_lines": [], "start_line": 11}, "ToolPreflightValidationError.__init__": {"executed_lines": [61, 62], "summary": {"covered_lines": 2, "num_statements": 2, "percent_covered": 100.0, "percent_covered_display": "100", "missing_lines": 0, "excluded_lines": 0, "percent_statements_covered": 100.0, "percent_statements_covered_display": "100"}, "missing_lines": [], "excluded_lines": [], "start_line": 60}, "ToolOperationError.__init__": {"executed_lines": [], "summary": {"covered_lines": 0, "num_statements": 7, "percent_covered": 0.0, "percent_covered_display": "0", "missing_lines": 7, "excluded_lines": 0, "percent_statements_covered": 0.0, "percent_statements_covered_display": "0"}, "missing_lines": [92, 93, 94, 95, 96, 97, 98], "excluded_lines": [], "start_line": 81}, "": {"executed_lines": [3, 5, 8, 11, 23, 24, 27, 28, 31, 34, 37, 41, 42, 45, 46, 49, 50, 53, 60, 65, 71, 74, 81, 101], "summary": {"covered_lines": 24, "num_statements": 24, "percent_covered": 100.0, "percent_covered_display": "100", "missing_lines": 0, "excluded_lines": 0, "percent_statements_covered": 100.0, "percent_statements_covered_display": "100"}, "missing_lines": [], "excluded_lines": [], "start_line": 1}}, "classes": {"APIError": {"executed_lines": [18, 19, 20], "summary": {"covered_lines": 3, "num_statements": 3, "percent_covered": 100.0, "percent_covered_display": "100", "missing_lines": 0, "excluded_lines": 0, "percent_statements_covered": 100.0, "percent_statements_covered_display": "100"}, "missing_lines": [], "excluded_lines": [], "start_line": 8}, "GitHubAuthError": {"executed_lines": [], "summary": {"covered_lines": 0, "num_statements": 0, "percent_covered": 100.0, "percent_covered_display": "100", "missing_lines": 0, "excluded_lines": 0, "percent_statements_covered": 100.0, "percent_statements_covered_display": "100"}, "missing_lines": [], "excluded_lines": [], "start_line": 23}, "GitHubAPIError": {"executed_lines": [], "summary": {"covered_lines": 0, "num_statements": 0, "percent_covered": 100.0, "percent_covered_display": "100", "missing_lines": 0, "excluded_lines": 0, "percent_statements_covered": 100.0, "percent_statements_covered_display": "100"}, "missing_lines": [], "excluded_lines": [], "start_line": 27}, "GitHubRateLimitError": {"executed_lines": [], "summary": {"covered_lines": 0, "num_statements": 0, "percent_covered": 100.0, "percent_covered_display": "100", "missing_lines": 0, "excluded_lines": 0, "percent_statements_covered": 100.0, "percent_statements_covered_display": "100"}, "missing_lines": [], "excluded_lines": [], "start_line": 31}, "RenderAuthError": {"executed_lines": [], "summary": {"covered_lines": 0, "num_statements": 0, "percent_covered": 100.0, "percent_covered_display": "100", "missing_lines": 0, "excluded_lines": 0, "percent_statements_covered": 100.0, "percent_statements_covered_display": "100"}, "missing_lines": [], "excluded_lines": [], "start_line": 37}, "RenderAPIError": {"executed_lines": [], "summary": {"covered_lines": 0, "num_statements": 0, "percent_covered": 100.0, "percent_covered_display": "100", "missing_lines": 0, "excluded_lines": 0, "percent_statements_covered": 100.0, "percent_statements_covered_display": "100"}, "missing_lines": [], "excluded_lines": [], "start_line": 41}, "WriteNotAuthorizedError": {"executed_lines": [], "summary": {"covered_lines": 0, "num_statements": 0, "percent_covered": 100.0, "percent_covered_display": "100", "missing_lines": 0, "excluded_lines": 0, "percent_statements_covered": 100.0, "percent_statements_covered_display": "100"}, "missing_lines": [], "excluded_lines": [], "start_line": 45}, "WriteApprovalRequiredError": {"executed_lines": [], "summary": {"covered_lines": 0, "num_statements": 0, "percent_covered": 100.0, "percent_covered_display": "100", "missing_lines": 0, "excluded_lines": 0, "percent_statements_covered": 100.0, "percent_statements_covered_display": "100"}, "missing_lines": [], "excluded_lines": [], "start_line": 49}, "ToolPreflightValidationError": {"executed_lines": [61, 62], "summary": {"covered_lines": 2, "num_statements": 2, "percent_covered": 100.0, "percent_covered_display": "100", "missing_lines": 0, "excluded_lines": 0, "percent_statements_covered": 100.0, "percent_statements_covered_display": "100"}, "missing_lines": [], "excluded_lines": [], "start_line": 53}, "UsageError": {"executed_lines": [], "summary": {"covered_lines": 0, "num_statements": 0, "percent_covered": 100.0, "percent_covered_display": "100", "missing_lines": 0, "excluded_lines": 0, "percent_statements_covered": 100.0, "percent_statements_covered_display": "100"}, "missing_lines": [], "excluded_lines": [], "start_line": 65}, "ToolOperationError": {"executed_lines": [], "summary": {"covered_lines": 0, "num_statements": 7, "percent_covered": 0.0, "percent_covered_display": "0", "missing_lines": 7, "excluded_lines": 0, "percent_statements_covered": 0.0, "percent_statements_covered_display": "0"}, "missing_lines": [92, 93, 94, 95, 96, 97, 98], "excluded_lines": [], "start_line": 74}, "": {"executed_lines": [3, 5, 8, 11, 23, 24, 27, 28, 31, 34, 37, 41, 42, 45, 46, 49, 50, 53, 60, 65, 71, 74, 81, 101], "summary": {"covered_lines": 24, "num_statements": 24, "percent_covered": 100.0, "percent_covered_display": "100", "missing_lines": 0, "excluded_lines": 0, "percent_statements_covered": 100.0, "percent_statements_covered_display": "100"}, "missing_lines": [], "excluded_lines": [], "start_line": 1}}}, "github_mcp/file_cache.py": {"executed_lines": [9, 11, 12, 13, 15, 18, 21, 22, 23, 24, 25, 27, 28, 29, 30, 32, 33, 34, 36, 39, 43, 44, 45, 46, 48, 49, 50, 51, 52, 53, 55, 56, 57, 58, 59, 60, 61, 63, 67, 76, 82, 83, 86, 93, 94, 95, 96, 98, 107, 108, 111, 112, 115, 116, 117, 119, 120, 123, 127], "summary": {"covered_lines": 59, "num_statements": 66, "percent_covered": 89.39393939393939, "percent_covered_display": "89", "missing_lines": 7, "excluded_lines": 0, "percent_statements_covered": 89.39393939393939, "percent_statements_covered_display": "89"}, "missing_lines": [40, 41, 64, 65, 68, 124, 128], "excluded_lines": [], "functions": {"FileCache.__init__": {"executed_lines": [22, 23, 24, 25], "summary": {"covered_lines": 4, "num_statements": 4, "percent_covered": 100.0, "percent_covered_display": "100", "missing_lines": 0, "excluded_lines": 0, "percent_statements_covered": 100.0, "percent_statements_covered_display": "100"}, "missing_lines": [], "excluded_lines": [], "start_line": 21}, "FileCache._evict_if_needed": {"executed_lines": [28, 29, 30, 32, 33, 34], "summary": {"covered_lines": 6, "num_statements": 6, "percent_covered": 100.0, "percent_covered_display": "100", "missing_lines": 0, "excluded_lines": 0, "percent_statements_covered": 100.0, "percent_statements_covered_display": "100"}, "missing_lines": [], "excluded_lines": [], "start_line": 27}, "FileCache.put": {"executed_lines": [39, 43, 44, 45, 46], "summary": {"covered_lines": 5, "num_statements": 7, "percent_covered": 71.42857142857143, "percent_covered_display": "71", "missing_lines": 2, "excluded_lines": 0, "percent_statements_covered": 71.42857142857143, "percent_statements_covered_display": "71"}, "missing_lines": [40, 41], "excluded_lines": [], "start_line": 36}, "FileCache.get": {"executed_lines": [49, 50, 51, 52, 53], "summary": {"covered_lines": 5, "num_statements": 5, "percent_covered": 100.0, "percent_covered_display": "100", "missing_lines": 0, "excluded_lines": 0, "percent_statements_covered": 100.0, "percent_statements_covered_display": "100"}, "missing_lines": [], "excluded_lines": [], "start_line": 48}, "FileCache.bulk_get": {"executed_lines": [56, 57, 58, 59, 60, 61], "summary": {"covered_lines": 6, "num_statements": 6, "percent_covered": 100.0, "percent_covered_display": "100", "missing_lines": 0, "excluded_lines": 0, "percent_statements_covered": 100.0, "percent_statements_covered_display": "100"}, "missing_lines": [], "excluded_lines": [], "start_line": 55}, "FileCache.clear": {"executed_lines": [], "summary": {"covered_lines": 0, "num_statements": 2, "percent_covered": 0.0, "percent_covered_display": "0", "missing_lines": 2, "excluded_lines": 0, "percent_statements_covered": 0.0, "percent_statements_covered_display": "0"}, "missing_lines": [64, 65], "excluded_lines": [], "start_line": 63}, "FileCache.stats": {"executed_lines": [], "summary": {"covered_lines": 0, "num_statements": 1, "percent_covered": 0.0, "percent_covered_display": "0", "missing_lines": 1, "excluded_lines": 0, "percent_statements_covered": 0.0, "percent_statements_covered_display": "0"}, "missing_lines": [68], "excluded_lines": [], "start_line": 67}, "cache_key": {"executed_lines": [83], "summary": {"covered_lines": 1, "num_statements": 1, "percent_covered": 100.0, "percent_covered_display": "100", "missing_lines": 0, "excluded_lines": 0, "percent_statements_covered": 100.0, "percent_statements_covered_display": "100"}, "missing_lines": [], "excluded_lines": [], "start_line": 82}, "cache_payload": {"executed_lines": [93, 94, 95, 96, 98, 107, 108], "summary": {"covered_lines": 7, "num_statements": 7, "percent_covered": 100.0, "percent_covered_display": "100", "missing_lines": 0, "excluded_lines": 0, "percent_statements_covered": 100.0, "percent_statements_covered_display": "100"}, "missing_lines": [], "excluded_lines": [], "start_line": 86}, "get_cached": {"executed_lines": [112], "summary": {"covered_lines": 1, "num_statements": 1, "percent_covered": 100.0, "percent_covered_display": "100", "missing_lines": 0, "excluded_lines": 0, "percent_statements_covered": 100.0, "percent_statements_covered_display": "100"}, "missing_lines": [], "excluded_lines": [], "start_line": 111}, "bulk_get_cached": {"executed_lines": [116, 117, 119, 120], "summary": {"covered_lines": 4, "num_statements": 4, "percent_covered": 100.0, "percent_covered_display": "100", "missing_lines": 0, "excluded_lines": 0, "percent_statements_covered": 100.0, "percent_statements_covered_display": "100"}, "missing_lines": [], "excluded_lines": [], "start_line": 115}, "clear_cache": {"executed_lines": [], "summary": {"covered_lines": 0, "num_statements": 1, "percent_covered": 0.0, "percent_covered_display": "0", "missing_lines": 1, "excluded_lines": 0, "percent_statements_covered": 0.0, "percent_statements_covered_display": "0"}, "missing_lines": [124], "excluded_lines": [], "start_line": 123}, "cache_stats": {"executed_lines": [], "summary": {"covered_lines": 0, "num_statements": 1, "percent_covered": 0.0, "percent_covered_display": "0", "missing_lines": 1, "excluded_lines": 0, "percent_statements_covered": 0.0, "percent_statements_covered_display": "0"}, "missing_lines": [128], "excluded_lines": [], "start_line": 127}, "": {"executed_lines": [9, 11, 12, 13, 15, 18, 21, 27, 36, 48, 55, 63, 67, 76, 82, 86, 111, 115, 123, 127], "summary": {"covered_lines": 20, "num_statements": 20, "percent_covered": 100.0, "percent_covered_display": "100", "missing_lines": 0, "excluded_lines": 0, "percent_statements_covered": 100.0, "percent_statements_covered_display": "100"}, "missing_lines": [], "excluded_lines": [], "start_line": 1}}, "classes": {"FileCache": {"executed_lines": [22, 23, 24, 25, 28, 29, 30, 32, 33, 34, 39, 43, 44, 45, 46, 49, 50, 51, 52, 53, 56, 57, 58, 59, 60, 61], "summary": {"covered_lines": 26, "num_statements": 31, "percent_covered": 83.87096774193549, "percent_covered_display": "84", "missing_lines": 5, "excluded_lines": 0, "percent_statements_covered": 83.87096774193549, "percent_statements_covered_display": "84"}, "missing_lines": [40, 41, 64, 65, 68], "excluded_lines": [], "start_line": 18}, "": {"executed_lines": [9, 11, 12, 13, 15, 18, 21, 27, 36, 48, 55, 63, 67, 76, 82, 83, 86, 93, 94, 95, 96, 98, 107, 108, 111, 112, 115, 116, 117, 119, 120, 123, 127], "summary": {"covered_lines": 33, "num_statements": 35, "percent_covered": 94.28571428571429, "percent_covered_display": "94", "missing_lines": 2, "excluded_lines": 0, "percent_statements_covered": 94.28571428571429, "percent_statements_covered_display": "94"}, "missing_lines": [124, 128], "excluded_lines": [], "start_line": 1}}}, "github_mcp/github_content.py": {"executed_lines": [3, 5, 6, 8, 12, 13, 14, 21, 27, 51, 56, 57, 58, 59, 60, 61, 72, 75, 79, 80, 81, 82, 83, 98, 99, 100, 101, 103, 104, 106, 107, 108, 109, 110, 111, 113, 122, 125, 135, 146, 158, 161, 162, 163, 164, 165, 166, 167, 169, 172, 183, 184, 186, 187, 188, 193, 195, 197, 200, 205, 207, 210, 213, 216, 218, 219, 220, 223, 224, 226, 227, 230, 231, 232, 233, 235, 240, 241, 243, 245, 246, 247, 248, 249, 250, 251, 254, 255, 259, 260, 261, 262, 263, 269, 271, 277, 291, 292, 293, 294, 295, 296, 297, 300, 301, 309, 310, 312, 313, 314, 318, 319, 320, 321, 325, 330, 331, 332, 351], "summary": {"covered_lines": 119, "num_statements": 175, "percent_covered": 68.0, "percent_covered_display": "68", "missing_lines": 56, "excluded_lines": 2, "percent_statements_covered": 68.0, "percent_statements_covered_display": "68"}, "missing_lines": [22, 23, 24, 34, 35, 41, 42, 66, 67, 73, 126, 127, 128, 129, 130, 131, 132, 136, 137, 138, 139, 140, 141, 142, 143, 159, 194, 196, 198, 206, 214, 221, 228, 242, 256, 257, 264, 265, 278, 279, 281, 282, 284, 285, 286, 287, 288, 289, 324, 334, 335, 336, 337, 338, 341, 343], "excluded_lines": [36, 37], "functions": {"_request": {"executed_lines": [], "summary": {"covered_lines": 0, "num_statements": 3, "percent_covered": 0.0, "percent_covered_display": "0", "missing_lines": 3, "excluded_lines": 0, "percent_statements_covered": 0.0, "percent_statements_covered_display": "0"}, "missing_lines": [22, 23, 24], "excluded_lines": [], "start_line": 21}, "_verify_file_on_branch": {"executed_lines": [], "summary": {"covered_lines": 0, "num_statements": 4, "percent_covered": 0.0, "percent_covered_display": "0", "missing_lines": 4, "excluded_lines": 2, "percent_statements_covered": 0.0, "percent_statements_covered_display": "0"}, "missing_lines": [34, 35, 41, 42], "excluded_lines": [36, 37], "start_line": 27}, "_decode_github_content": {"executed_lines": [56, 57, 58, 59, 60, 61, 72, 75, 79, 80, 81, 82, 83, 98, 99, 100, 101, 103, 104, 106, 107, 108, 109, 110, 111, 113, 122], "summary": {"covered_lines": 27, "num_statements": 30, "percent_covered": 90.0, "percent_covered_display": "90", "missing_lines": 3, "excluded_lines": 0, "percent_statements_covered": 90.0, "percent_statements_covered_display": "90"}, "missing_lines": [66, 67, 73], "excluded_lines": [], "start_line": 51}, "_get_branch_sha": {"executed_lines": [], "summary": {"covered_lines": 0, "num_statements": 7, "percent_covered": 0.0, "percent_covered_display": "0", "missing_lines": 7, "excluded_lines": 0, "percent_statements_covered": 0.0, "percent_statements_covered_display": "0"}, "missing_lines": [126, 127, 128, 129, 130, 131, 132], "excluded_lines": [], "start_line": 125}, "_resolve_file_sha": {"executed_lines": [], "summary": {"covered_lines": 0, "num_statements": 8, "percent_covered": 0.0, "percent_covered_display": "0", "missing_lines": 8, "excluded_lines": 0, "percent_statements_covered": 0.0, "percent_statements_covered_display": "0"}, "missing_lines": [136, 137, 138, 139, 140, 141, 142, 143], "excluded_lines": [], "start_line": 135}, "_strip_large_fields_from_commit_response": {"executed_lines": [158, 161, 162, 163, 164, 165, 166, 167, 169], "summary": {"covered_lines": 9, "num_statements": 10, "percent_covered": 90.0, "percent_covered_display": "90", "missing_lines": 1, "excluded_lines": 0, "percent_statements_covered": 90.0, "percent_statements_covered_display": "90"}, "missing_lines": [159], "excluded_lines": [], "start_line": 146}, "_perform_github_commit": {"executed_lines": [183, 184, 186, 187, 188, 193, 195, 197, 200, 205, 207], "summary": {"covered_lines": 11, "num_statements": 15, "percent_covered": 73.33333333333333, "percent_covered_display": "73", "missing_lines": 4, "excluded_lines": 0, "percent_statements_covered": 73.33333333333333, "percent_statements_covered_display": "73"}, "missing_lines": [194, 196, 198, 206], "excluded_lines": [], "start_line": 172}, "_load_body_from_content_url": {"executed_lines": [213, 216, 218, 219, 220, 223, 224, 226, 227, 230, 231, 232, 233, 235, 240, 241, 243, 245, 259, 271, 277, 291, 292, 293, 294, 295, 296, 297, 300, 301, 309, 310, 312, 313, 314, 318, 319, 320, 321, 325, 330, 331, 332], "summary": {"covered_lines": 43, "num_statements": 55, "percent_covered": 78.18181818181819, "percent_covered_display": "78", "missing_lines": 12, "excluded_lines": 0, "percent_statements_covered": 78.18181818181819, "percent_statements_covered_display": "78"}, "missing_lines": [214, 221, 228, 242, 324, 334, 335, 336, 337, 338, 341, 343], "excluded_lines": [], "start_line": 210}, "_load_body_from_content_url._read_local": {"executed_lines": [246, 247, 248, 249, 250, 251, 254, 255], "summary": {"covered_lines": 8, "num_statements": 10, "percent_covered": 80.0, "percent_covered_display": "80", "missing_lines": 2, "excluded_lines": 0, "percent_statements_covered": 80.0, "percent_statements_covered_display": "80"}, "missing_lines": [256, 257], "excluded_lines": [], "start_line": 245}, "_load_body_from_content_url._fetch_rewritten_path": {"executed_lines": [260, 261, 262, 263, 269], "summary": {"covered_lines": 5, "num_statements": 7, "percent_covered": 71.42857142857143, "percent_covered_display": "71", "missing_lines": 2, "excluded_lines": 0, "percent_statements_covered": 71.42857142857143, "percent_statements_covered_display": "71"}, "missing_lines": [264, 265], "excluded_lines": [], "start_line": 259}, "_load_body_from_content_url._is_windows_absolute_path": {"executed_lines": [], "summary": {"covered_lines": 0, "num_statements": 10, "percent_covered": 0.0, "percent_covered_display": "0", "missing_lines": 10, "excluded_lines": 0, "percent_statements_covered": 0.0, "percent_statements_covered_display": "0"}, "missing_lines": [278, 279, 281, 282, 284, 285, 286, 287, 288, 289], "excluded_lines": [], "start_line": 277}, "": {"executed_lines": [3, 5, 6, 8, 12, 13, 14, 21, 27, 51, 125, 135, 146, 172, 210, 351], "summary": {"covered_lines": 16, "num_statements": 16, "percent_covered": 100.0, "percent_covered_display": "100", "missing_lines": 0, "excluded_lines": 0, "percent_statements_covered": 100.0, "percent_statements_covered_display": "100"}, "missing_lines": [], "excluded_lines": [], "start_line": 1}}, "classes": {"": {"executed_lines": [3, 5, 6, 8, 12, 13, 14, 21, 27, 51, 56, 57, 58, 59, 60, 61, 72, 75, 79, 80, 81, 82, 83, 98, 99, 100, 101, 103, 104, 106, 107, 108, 109, 110, 111, 113, 122, 125, 135, 146, 158, 161, 162, 163, 164, 165, 166, 167, 169, 172, 183, 184, 186, 187, 188, 193, 195, 197, 200, 205, 207, 210, 213, 216, 218, 219, 220, 223, 224, 226, 227, 230, 231, 232, 233, 235, 240, 241, 243, 245, 246, 247, 248, 249, 250, 251, 254, 255, 259, 260, 261, 262, 263, 269, 271, 277, 291, 292, 293, 294, 295, 296, 297, 300, 301, 309, 310, 312, 313, 314, 318, 319, 320, 321, 325, 330, 331, 332, 351], "summary": {"covered_lines": 119, "num_statements": 175, "percent_covered": 68.0, "percent_covered_display": "68", "missing_lines": 56, "excluded_lines": 2, "percent_statements_covered": 68.0, "percent_statements_covered_display": "68"}, "missing_lines": [22, 23, 24, 34, 35, 41, 42, 66, 67, 73, 126, 127, 128, 129, 130, 131, 132, 136, 137, 138, 139, 140, 141, 142, 143, 159, 194, 196, 198, 206, 214, 221, 228, 242, 256, 257, 264, 265, 278, 279, 281, 282, 284, 285, 286, 287, 288, 289, 324, 334, 335, 336, 337, 338, 341, 343], "excluded_lines": [36, 37], "start_line": 1}}}, "github_mcp/http_clients.py": {"executed_lines": [3, 5, 6, 7, 8, 9, 10, 11, 12, 13, 16, 17, 20, 21, 112, 114, 115, 133, 135, 138, 141, 142, 143, 144, 145, 148, 169, 178, 179, 180, 181, 182, 183, 184, 185, 186, 187, 189, 190, 194, 197, 198, 199, 200, 201, 202, 203, 205, 213, 224, 226, 227, 228, 229, 230, 232, 235, 244, 253, 274, 285, 302, 311, 313, 316, 319, 327, 335, 341, 346, 347, 349, 350, 354, 355, 356, 358, 365, 371, 372, 375, 379, 380, 381, 384, 385, 389, 391, 396, 404, 410, 418, 443, 446, 473, 598], "summary": {"covered_lines": 96, "num_statements": 258, "percent_covered": 37.2093023255814, "percent_covered_display": "37", "missing_lines": 162, "excluded_lines": 16, "percent_statements_covered": 37.2093023255814, "percent_statements_covered_display": "37"}, "missing_lines": [24, 27, 30, 31, 37, 38, 40, 41, 49, 50, 51, 52, 54, 55, 56, 58, 59, 61, 62, 63, 64, 66, 67, 68, 70, 71, 73, 74, 76, 77, 79, 80, 82, 83, 84, 86, 87, 89, 90, 92, 93, 95, 96, 98, 99, 101, 102, 103, 104, 105, 106, 107, 108, 110, 191, 236, 238, 248, 250, 254, 255, 257, 258, 259, 260, 262, 270, 271, 277, 278, 279, 280, 281, 282, 288, 289, 290, 292, 293, 294, 295, 296, 297, 298, 299, 314, 317, 338, 382, 405, 407, 413, 415, 427, 428, 429, 430, 460, 461, 463, 464, 465, 467, 468, 470, 485, 486, 488, 489, 491, 492, 493, 494, 495, 496, 498, 499, 507, 508, 512, 513, 514, 516, 518, 520, 521, 522, 530, 531, 532, 533, 534, 535, 536, 537, 538, 539, 541, 546, 547, 548, 549, 550, 551, 552, 553, 555, 560, 563, 564, 566, 567, 573, 579, 580, 584, 585, 586, 592, 593, 594, 595], "excluded_lines": [151, 152, 153, 154, 155, 156, 157, 158, 159, 160, 161, 162, 163, 164, 509, 510], "functions": {"_get_main_module_for_patching": {"executed_lines": [17], "summary": {"covered_lines": 1, "num_statements": 1, "percent_covered": 100.0, "percent_covered_display": "100", "missing_lines": 0, "excluded_lines": 0, "percent_statements_covered": 100.0, "percent_statements_covered_display": "100"}, "missing_lines": [], "excluded_lines": [], "start_line": 16}, "_GitHubClientProtocol.__init__": {"executed_lines": [], "summary": {"covered_lines": 0, "num_statements": 0, "percent_covered": 100.0, "percent_covered_display": "100", "missing_lines": 0, "excluded_lines": 1, "percent_statements_covered": 100.0, "percent_statements_covered_display": "100"}, "missing_lines": [], "excluded_lines": [152], "start_line": 151}, "_GitHubClientProtocol.get": {"executed_lines": [], "summary": {"covered_lines": 0, "num_statements": 0, "percent_covered": 100.0, "percent_covered_display": "100", "missing_lines": 0, "excluded_lines": 1, "percent_statements_covered": 100.0, "percent_statements_covered_display": "100"}, "missing_lines": [], "excluded_lines": [155], "start_line": 154}, "_GitHubClientProtocol.post": {"executed_lines": [], "summary": {"covered_lines": 0, "num_statements": 0, "percent_covered": 100.0, "percent_covered_display": "100", "missing_lines": 0, "excluded_lines": 1, "percent_statements_covered": 100.0, "percent_statements_covered_display": "100"}, "missing_lines": [], "excluded_lines": [158], "start_line": 157}, "_GitHubClientProtocol.close": {"executed_lines": [], "summary": {"covered_lines": 0, "num_statements": 0, "percent_covered": 100.0, "percent_covered_display": "100", "missing_lines": 0, "excluded_lines": 1, "percent_statements_covered": 100.0, "percent_statements_covered_display": "100"}, "missing_lines": [], "excluded_lines": [161], "start_line": 160}, "_get_github_token": {"executed_lines": [178, 179, 180, 181, 182, 183, 184, 185, 186, 187, 189, 190], "summary": {"covered_lines": 12, "num_statements": 13, "percent_covered": 92.3076923076923, "percent_covered_display": "92", "missing_lines": 1, "excluded_lines": 0, "percent_statements_covered": 92.3076923076923, "percent_statements_covered_display": "92"}, "missing_lines": [191], "excluded_lines": [], "start_line": 169}, "_get_optional_github_token": {"executed_lines": [197, 198, 199, 200, 201, 202, 203, 205], "summary": {"covered_lines": 8, "num_statements": 8, "percent_covered": 100.0, "percent_covered_display": "100", "missing_lines": 0, "excluded_lines": 0, "percent_statements_covered": 100.0, "percent_statements_covered_display": "100"}, "missing_lines": [], "excluded_lines": [], "start_line": 194}, "_get_concurrency_semaphore": {"executed_lines": [224, 226, 227, 228, 229, 230, 232], "summary": {"covered_lines": 7, "num_statements": 7, "percent_covered": 100.0, "percent_covered_display": "100", "missing_lines": 0, "excluded_lines": 0, "percent_statements_covered": 100.0, "percent_statements_covered_display": "100"}, "missing_lines": [], "excluded_lines": [], "start_line": 213}, "_parse_rate_limit_delay_seconds": {"executed_lines": [], "summary": {"covered_lines": 0, "num_statements": 2, "percent_covered": 0.0, "percent_covered_display": "0", "missing_lines": 2, "excluded_lines": 0, "percent_statements_covered": 0.0, "percent_statements_covered_display": "0"}, "missing_lines": [236, 238], "excluded_lines": [], "start_line": 235}, "_jitter_sleep_seconds": {"executed_lines": [], "summary": {"covered_lines": 0, "num_statements": 2, "percent_covered": 0.0, "percent_covered_display": "0", "missing_lines": 2, "excluded_lines": 0, "percent_statements_covered": 0.0, "percent_statements_covered_display": "0"}, "missing_lines": [248, 250], "excluded_lines": [], "start_line": 244}, "_is_rate_limit_response": {"executed_lines": [], "summary": {"covered_lines": 0, "num_statements": 9, "percent_covered": 0.0, "percent_covered_display": "0", "missing_lines": 9, "excluded_lines": 0, "percent_statements_covered": 0.0, "percent_statements_covered_display": "0"}, "missing_lines": [254, 255, 257, 258, 259, 260, 262, 270, 271], "excluded_lines": [], "start_line": 253}, "_get_search_rate_limit_state": {"executed_lines": [], "summary": {"covered_lines": 0, "num_statements": 6, "percent_covered": 0.0, "percent_covered_display": "0", "missing_lines": 6, "excluded_lines": 0, "percent_statements_covered": 0.0, "percent_statements_covered_display": "0"}, "missing_lines": [277, 278, 279, 280, 281, 282], "excluded_lines": [], "start_line": 274}, "_throttle_search_requests": {"executed_lines": [], "summary": {"covered_lines": 0, "num_statements": 11, "percent_covered": 0.0, "percent_covered_display": "0", "missing_lines": 11, "excluded_lines": 0, "percent_statements_covered": 0.0, "percent_statements_covered_display": "0"}, "missing_lines": [288, 289, 290, 292, 293, 294, 295, 296, 297, 298, 299], "excluded_lines": [], "start_line": 285}, "_refresh_async_client": {"executed_lines": [311, 313, 316, 319, 327], "summary": {"covered_lines": 5, "num_statements": 5, "percent_covered": 100.0, "percent_covered_display": "100", "missing_lines": 0, "excluded_lines": 0, "percent_statements_covered": 100.0, "percent_statements_covered_display": "100"}, "missing_lines": [], "excluded_lines": [], "start_line": 302}, "_refresh_async_client._log_debug": {"executed_lines": [], "summary": {"covered_lines": 0, "num_statements": 1, "percent_covered": 0.0, "percent_covered_display": "0", "missing_lines": 1, "excluded_lines": 0, "percent_statements_covered": 0.0, "percent_statements_covered_display": "0"}, "missing_lines": [314], "excluded_lines": [], "start_line": 313}, "_refresh_async_client._log_debug_exc": {"executed_lines": [], "summary": {"covered_lines": 0, "num_statements": 1, "percent_covered": 0.0, "percent_covered_display": "0", "missing_lines": 1, "excluded_lines": 0, "percent_statements_covered": 0.0, "percent_statements_covered_display": "0"}, "missing_lines": [317], "excluded_lines": [], "start_line": 316}, "_build_default_client": {"executed_lines": [], "summary": {"covered_lines": 0, "num_statements": 1, "percent_covered": 0.0, "percent_covered_display": "0", "missing_lines": 1, "excluded_lines": 0, "percent_statements_covered": 0.0, "percent_statements_covered_display": "0"}, "missing_lines": [338], "excluded_lines": [], "start_line": 335}, "_github_client_instance": {"executed_lines": [346, 347, 349, 365, 371, 372], "summary": {"covered_lines": 6, "num_statements": 6, "percent_covered": 100.0, "percent_covered_display": "100", "missing_lines": 0, "excluded_lines": 0, "percent_statements_covered": 100.0, "percent_statements_covered_display": "100"}, "missing_lines": [], "excluded_lines": [], "start_line": 341}, "_github_client_instance._build_client_with_token": {"executed_lines": [350, 354, 355, 356, 358], "summary": {"covered_lines": 5, "num_statements": 5, "percent_covered": 100.0, "percent_covered_display": "100", "missing_lines": 0, "excluded_lines": 0, "percent_statements_covered": 100.0, "percent_statements_covered_display": "100"}, "missing_lines": [], "excluded_lines": [], "start_line": 349}, "_external_client_instance": {"executed_lines": [379, 380, 381, 384, 391, 396], "summary": {"covered_lines": 6, "num_statements": 7, "percent_covered": 85.71428571428571, "percent_covered_display": "86", "missing_lines": 1, "excluded_lines": 0, "percent_statements_covered": 85.71428571428571, "percent_statements_covered_display": "86"}, "missing_lines": [382], "excluded_lines": [], "start_line": 375}, "_external_client_instance._build_client": {"executed_lines": [385, 389], "summary": {"covered_lines": 2, "num_statements": 2, "percent_covered": 100.0, "percent_covered_display": "100", "missing_lines": 0, "excluded_lines": 0, "percent_statements_covered": 100.0, "percent_statements_covered_display": "100"}, "missing_lines": [], "excluded_lines": [], "start_line": 384}, "_extract_response_body": {"executed_lines": [], "summary": {"covered_lines": 0, "num_statements": 2, "percent_covered": 0.0, "percent_covered_display": "0", "missing_lines": 2, "excluded_lines": 0, "percent_statements_covered": 0.0, "percent_statements_covered_display": "0"}, "missing_lines": [405, 407], "excluded_lines": [], "start_line": 404}, "_build_response_payload": {"executed_lines": [], "summary": {"covered_lines": 0, "num_statements": 2, "percent_covered": 0.0, "percent_covered_display": "0", "missing_lines": 2, "excluded_lines": 0, "percent_statements_covered": 0.0, "percent_statements_covered_display": "0"}, "missing_lines": [413, 415], "excluded_lines": [], "start_line": 410}, "_send_request": {"executed_lines": [], "summary": {"covered_lines": 0, "num_statements": 4, "percent_covered": 0.0, "percent_covered_display": "0", "missing_lines": 4, "excluded_lines": 0, "percent_statements_covered": 0.0, "percent_statements_covered_display": "0"}, "missing_lines": [427, 428, 429, 430], "excluded_lines": [], "start_line": 418}, "_allow_rate_limit_retries": {"executed_lines": [], "summary": {"covered_lines": 0, "num_statements": 8, "percent_covered": 0.0, "percent_covered_display": "0", "missing_lines": 8, "excluded_lines": 0, "percent_statements_covered": 0.0, "percent_statements_covered_display": "0"}, "missing_lines": [460, 461, 463, 464, 465, 467, 468, 470], "excluded_lines": [], "start_line": 446}, "_github_request": {"executed_lines": [], "summary": {"covered_lines": 0, "num_statements": 57, "percent_covered": 0.0, "percent_covered_display": "0", "missing_lines": 57, "excluded_lines": 2, "percent_statements_covered": 0.0, "percent_statements_covered_display": "0"}, "missing_lines": [485, 486, 488, 489, 491, 492, 493, 494, 495, 496, 498, 499, 507, 508, 512, 513, 514, 516, 518, 520, 521, 522, 530, 531, 532, 533, 534, 535, 536, 537, 538, 539, 541, 546, 547, 548, 549, 550, 551, 552, 553, 555, 560, 563, 564, 566, 567, 573, 579, 580, 584, 585, 586, 592, 593, 594, 595], "excluded_lines": [509, 510], "start_line": 473}, "": {"executed_lines": [3, 5, 6, 7, 8, 9, 10, 11, 12, 13, 16, 20, 21, 112, 114, 115, 133, 135, 138, 141, 142, 143, 144, 145, 148, 169, 194, 213, 235, 244, 253, 274, 285, 302, 335, 341, 375, 404, 410, 418, 443, 446, 473, 598], "summary": {"covered_lines": 44, "num_statements": 98, "percent_covered": 44.89795918367347, "percent_covered_display": "45", "missing_lines": 54, "excluded_lines": 10, "percent_statements_covered": 44.89795918367347, "percent_statements_covered_display": "45"}, "missing_lines": [24, 27, 30, 31, 37, 38, 40, 41, 49, 50, 51, 52, 54, 55, 56, 58, 59, 61, 62, 63, 64, 66, 67, 68, 70, 71, 73, 74, 76, 77, 79, 80, 82, 83, 84, 86, 87, 89, 90, 92, 93, 95, 96, 98, 99, 101, 102, 103, 104, 105, 106, 107, 108, 110], "excluded_lines": [151, 153, 154, 156, 157, 159, 160, 162, 163, 164], "start_line": 1}}, "classes": {"_GitHubClientProtocol": {"executed_lines": [], "summary": {"covered_lines": 0, "num_statements": 0, "percent_covered": 100.0, "percent_covered_display": "100", "missing_lines": 0, "excluded_lines": 4, "percent_statements_covered": 100.0, "percent_statements_covered_display": "100"}, "missing_lines": [], "excluded_lines": [152, 155, 158, 161], "start_line": 148}, "": {"executed_lines": [3, 5, 6, 7, 8, 9, 10, 11, 12, 13, 16, 17, 20, 21, 112, 114, 115, 133, 135, 138, 141, 142, 143, 144, 145, 148, 169, 178, 179, 180, 181, 182, 183, 184, 185, 186, 187, 189, 190, 194, 197, 198, 199, 200, 201, 202, 203, 205, 213, 224, 226, 227, 228, 229, 230, 232, 235, 244, 253, 274, 285, 302, 311, 313, 316, 319, 327, 335, 341, 346, 347, 349, 350, 354, 355, 356, 358, 365, 371, 372, 375, 379, 380, 381, 384, 385, 389, 391, 396, 404, 410, 418, 443, 446, 473, 598], "summary": {"covered_lines": 96, "num_statements": 258, "percent_covered": 37.2093023255814, "percent_covered_display": "37", "missing_lines": 162, "excluded_lines": 12, "percent_statements_covered": 37.2093023255814, "percent_statements_covered_display": "37"}, "missing_lines": [24, 27, 30, 31, 37, 38, 40, 41, 49, 50, 51, 52, 54, 55, 56, 58, 59, 61, 62, 63, 64, 66, 67, 68, 70, 71, 73, 74, 76, 77, 79, 80, 82, 83, 84, 86, 87, 89, 90, 92, 93, 95, 96, 98, 99, 101, 102, 103, 104, 105, 106, 107, 108, 110, 191, 236, 238, 248, 250, 254, 255, 257, 258, 259, 260, 262, 270, 271, 277, 278, 279, 280, 281, 282, 288, 289, 290, 292, 293, 294, 295, 296, 297, 298, 299, 314, 317, 338, 382, 405, 407, 413, 415, 427, 428, 429, 430, 460, 461, 463, 464, 465, 467, 468, 470, 485, 486, 488, 489, 491, 492, 493, 494, 495, 496, 498, 499, 507, 508, 512, 513, 514, 516, 518, 520, 521, 522, 530, 531, 532, 533, 534, 535, 536, 537, 538, 539, 541, 546, 547, 548, 549, 550, 551, 552, 553, 555, 560, 563, 564, 566, 567, 573, 579, 580, 584, 585, 586, 592, 593, 594, 595], "excluded_lines": [151, 153, 154, 156, 157, 159, 160, 162, 163, 164, 509, 510], "start_line": 1}}}, "github_mcp/http_routes/__init__.py": {"executed_lines": [], "summary": {"covered_lines": 0, "num_statements": 0, "percent_covered": 100.0, "percent_covered_display": "100", "missing_lines": 0, "excluded_lines": 0, "percent_statements_covered": 100.0, "percent_statements_covered_display": "100"}, "missing_lines": [], "excluded_lines": [], "functions": {"": {"executed_lines": [], "summary": {"covered_lines": 0, "num_statements": 0, "percent_covered": 100.0, "percent_covered_display": "100", "missing_lines": 0, "excluded_lines": 0, "percent_statements_covered": 100.0, "percent_statements_covered_display": "100"}, "missing_lines": [], "excluded_lines": [], "start_line": 1}}, "classes": {"": {"executed_lines": [], "summary": {"covered_lines": 0, "num_statements": 0, "percent_covered": 100.0, "percent_covered_display": "100", "missing_lines": 0, "excluded_lines": 0, "percent_statements_covered": 100.0, "percent_statements_covered_display": "100"}, "missing_lines": [], "excluded_lines": [], "start_line": 1}}}, "github_mcp/http_routes/healthz.py": {"executed_lines": [1, 3, 4, 5, 6, 7, 9, 10, 12, 16, 17, 18, 19, 22, 23, 24, 33, 34, 35, 37, 52, 53, 54, 55, 56, 57, 60, 61, 64, 67, 70, 73], "summary": {"covered_lines": 32, "num_statements": 37, "percent_covered": 86.48648648648648, "percent_covered_display": "86", "missing_lines": 5, "excluded_lines": 0, "percent_statements_covered": 86.48648648648648, "percent_statements_covered_display": "86"}, "missing_lines": [25, 26, 27, 30, 62], "excluded_lines": [], "functions": {"_github_token_present": {"executed_lines": [23, 24], "summary": {"covered_lines": 2, "num_statements": 6, "percent_covered": 33.333333333333336, "percent_covered_display": "33", "missing_lines": 4, "excluded_lines": 0, "percent_statements_covered": 33.333333333333336, "percent_statements_covered_display": "33"}, "missing_lines": [25, 26, 27, 30], "excluded_lines": [], "start_line": 22}, "_build_health_payload": {"executed_lines": [34, 35, 37, 52, 53, 54, 55, 56, 57], "summary": {"covered_lines": 9, "num_statements": 9, "percent_covered": 100.0, "percent_covered_display": "100", "missing_lines": 0, "excluded_lines": 0, "percent_statements_covered": 100.0, "percent_statements_covered_display": "100"}, "missing_lines": [], "excluded_lines": [], "start_line": 33}, "build_healthz_endpoint": {"executed_lines": [61, 64], "summary": {"covered_lines": 2, "num_statements": 2, "percent_covered": 100.0, "percent_covered_display": "100", "missing_lines": 0, "excluded_lines": 0, "percent_statements_covered": 100.0, "percent_statements_covered_display": "100"}, "missing_lines": [], "excluded_lines": [], "start_line": 60}, "build_healthz_endpoint._endpoint": {"executed_lines": [], "summary": {"covered_lines": 0, "num_statements": 1, "percent_covered": 0.0, "percent_covered_display": "0", "missing_lines": 1, "excluded_lines": 0, "percent_statements_covered": 0.0, "percent_statements_covered_display": "0"}, "missing_lines": [62], "excluded_lines": [], "start_line": 61}, "register_healthz_route": {"executed_lines": [70], "summary": {"covered_lines": 1, "num_statements": 1, "percent_covered": 100.0, "percent_covered_display": "100", "missing_lines": 0, "excluded_lines": 0, "percent_statements_covered": 100.0, "percent_statements_covered_display": "100"}, "missing_lines": [], "excluded_lines": [], "start_line": 67}, "": {"executed_lines": [1, 3, 4, 5, 6, 7, 9, 10, 12, 16, 17, 18, 19, 22, 33, 60, 67, 73], "summary": {"covered_lines": 18, "num_statements": 18, "percent_covered": 100.0, "percent_covered_display": "100", "missing_lines": 0, "excluded_lines": 0, "percent_statements_covered": 100.0, "percent_statements_covered_display": "100"}, "missing_lines": [], "excluded_lines": [], "start_line": 1}}, "classes": {"": {"executed_lines": [1, 3, 4, 5, 6, 7, 9, 10, 12, 16, 17, 18, 19, 22, 23, 24, 33, 34, 35, 37, 52, 53, 54, 55, 56, 57, 60, 61, 64, 67, 70, 73], "summary": {"covered_lines": 32, "num_statements": 37, "percent_covered": 86.48648648648648, "percent_covered_display": "86", "missing_lines": 5, "excluded_lines": 0, "percent_statements_covered": 86.48648648648648, "percent_statements_covered_display": "86"}, "missing_lines": [25, 26, 27, 30, 62], "excluded_lines": [], "start_line": 1}}}, "github_mcp/http_routes/llm_execute.py": {"executed_lines": [1, 3, 5, 6, 8, 9, 12, 22, 23, 98, 101, 104, 107], "summary": {"covered_lines": 13, "num_statements": 57, "percent_covered": 22.80701754385965, "percent_covered_display": "23", "missing_lines": 44, "excluded_lines": 0, "percent_statements_covered": 22.80701754385965, "percent_statements_covered_display": "23"}, "missing_lines": [13, 24, 25, 26, 27, 29, 30, 31, 34, 35, 36, 37, 38, 39, 40, 41, 42, 43, 45, 46, 48, 49, 50, 51, 52, 54, 56, 61, 62, 63, 64, 65, 66, 68, 72, 73, 74, 76, 77, 78, 83, 94, 95, 96], "excluded_lines": [], "functions": {"_serialize_call": {"executed_lines": [], "summary": {"covered_lines": 0, "num_statements": 1, "percent_covered": 0.0, "percent_covered_display": "0", "missing_lines": 1, "excluded_lines": 0, "percent_statements_covered": 0.0, "percent_statements_covered_display": "0"}, "missing_lines": [13], "excluded_lines": [], "start_line": 12}, "build_llm_execute_endpoint": {"executed_lines": [23, 98], "summary": {"covered_lines": 2, "num_statements": 2, "percent_covered": 100.0, "percent_covered_display": "100", "missing_lines": 0, "excluded_lines": 0, "percent_statements_covered": 100.0, "percent_statements_covered_display": "100"}, "missing_lines": [], "excluded_lines": [], "start_line": 22}, "build_llm_execute_endpoint._endpoint": {"executed_lines": [], "summary": {"covered_lines": 0, "num_statements": 43, "percent_covered": 0.0, "percent_covered_display": "0", "missing_lines": 43, "excluded_lines": 0, "percent_statements_covered": 0.0, "percent_statements_covered_display": "0"}, "missing_lines": [24, 25, 26, 27, 29, 30, 31, 34, 35, 36, 37, 38, 39, 40, 41, 42, 43, 45, 46, 48, 49, 50, 51, 52, 54, 56, 61, 62, 63, 64, 65, 66, 68, 72, 73, 74, 76, 77, 78, 83, 94, 95, 96], "excluded_lines": [], "start_line": 23}, "register_llm_execute_routes": {"executed_lines": [104], "summary": {"covered_lines": 1, "num_statements": 1, "percent_covered": 100.0, "percent_covered_display": "100", "missing_lines": 0, "excluded_lines": 0, "percent_statements_covered": 100.0, "percent_statements_covered_display": "100"}, "missing_lines": [], "excluded_lines": [], "start_line": 101}, "": {"executed_lines": [1, 3, 5, 6, 8, 9, 12, 22, 101, 107], "summary": {"covered_lines": 10, "num_statements": 10, "percent_covered": 100.0, "percent_covered_display": "100", "missing_lines": 0, "excluded_lines": 0, "percent_statements_covered": 100.0, "percent_statements_covered_display": "100"}, "missing_lines": [], "excluded_lines": [], "start_line": 1}}, "classes": {"": {"executed_lines": [1, 3, 5, 6, 8, 9, 12, 22, 23, 98, 101, 104, 107], "summary": {"covered_lines": 13, "num_statements": 57, "percent_covered": 22.80701754385965, "percent_covered_display": "23", "missing_lines": 44, "excluded_lines": 0, "percent_statements_covered": 22.80701754385965, "percent_statements_covered_display": "23"}, "missing_lines": [13, 24, 25, 26, 27, 29, 30, 31, 34, 35, 36, 37, 38, 39, 40, 41, 42, 43, 45, 46, 48, 49, 50, 51, 52, 54, 56, 61, 62, 63, 64, 65, 66, 68, 72, 73, 74, 76, 77, 78, 83, 94, 95, 96], "excluded_lines": [], "start_line": 1}}}, "github_mcp/http_routes/render.py": {"executed_lines": [1, 3, 5, 6, 8, 9, 12, 15, 16, 17, 18, 20, 21, 24, 26, 28, 31, 32, 33, 34, 35, 38, 40, 45, 47, 48, 52, 53, 54, 57, 58, 59, 62, 65, 75, 76, 78, 79, 82, 83, 84, 85, 86, 88, 102, 116, 135, 151, 152, 154, 155, 161, 162, 163, 164, 166, 167, 173, 177, 193, 209, 224, 313, 314, 315, 316, 317, 322, 327, 332, 337, 342], "summary": {"covered_lines": 72, "num_statements": 193, "percent_covered": 37.30569948186528, "percent_covered_display": "37", "missing_lines": 121, "excluded_lines": 0, "percent_statements_covered": 37.30569948186528, "percent_statements_covered_display": "37"}, "missing_lines": [19, 22, 23, 25, 27, 49, 50, 60, 61, 89, 91, 92, 93, 96, 97, 98, 99, 100, 103, 105, 106, 107, 110, 111, 112, 113, 114, 117, 119, 120, 121, 125, 126, 129, 130, 131, 132, 133, 136, 138, 139, 140, 141, 145, 146, 147, 148, 149, 156, 174, 175, 178, 180, 181, 182, 183, 187, 188, 189, 190, 191, 194, 196, 197, 198, 199, 203, 204, 205, 206, 207, 210, 212, 213, 214, 218, 219, 220, 221, 222, 234, 236, 237, 238, 239, 240, 249, 250, 252, 253, 254, 255, 256, 257, 258, 259, 262, 263, 264, 265, 266, 267, 268, 269, 270, 271, 272, 273, 274, 275, 276, 277, 278, 279, 284, 285, 292, 293, 309, 310, 311], "excluded_lines": [], "functions": {"_parse_int": {"executed_lines": [15, 16, 17, 18, 20, 21, 24, 26, 28], "summary": {"covered_lines": 9, "num_statements": 14, "percent_covered": 64.28571428571429, "percent_covered_display": "64", "missing_lines": 5, "excluded_lines": 0, "percent_statements_covered": 64.28571428571429, "percent_statements_covered_display": "64"}, "missing_lines": [19, 22, 23, 25, 27], "excluded_lines": [], "start_line": 12}, "_parse_str"
[...]
ercent_covered_display": "70", "missing_lines": 3, "excluded_lines": 0, "percent_statements_covered": 70.0, "percent_statements_covered_display": "70"}, "missing_lines": [688, 711, 712], "excluded_lines": [], "start_line": 686}, "run_quality_suite._run_multi_command_suite": {"executed_lines": [722, 723, 725, 727, 740, 754, 759, 760, 773, 784, 785, 786, 787, 794, 805, 807, 808, 811, 813, 820, 821], "summary": {"covered_lines": 21, "num_statements": 26, "percent_covered": 80.76923076923077, "percent_covered_display": "81", "missing_lines": 5, "excluded_lines": 0, "percent_statements_covered": 80.76923076923077, "percent_statements_covered_display": "81"}, "missing_lines": [766, 809, 814, 817, 818], "excluded_lines": [], "start_line": 715}, "": {"executed_lines": [15, 17, 18, 19, 20, 22, 23, 24, 26, 29, 37, 99, 141, 159, 169, 176, 197, 240, 241, 334, 335, 561, 562], "summary": {"covered_lines": 23, "num_statements": 23, "percent_covered": 100.0, "percent_covered_display": "100", "missing_lines": 0, "excluded_lines": 0, "percent_statements_covered": 100.0, "percent_statements_covered_display": "100"}, "missing_lines": [], "excluded_lines": [], "start_line": 1}}, "classes": {"": {"executed_lines": [15, 17, 18, 19, 20, 22, 23, 24, 26, 29, 30, 32, 34, 37, 47, 48, 50, 51, 52, 54, 94, 96, 99, 106, 107, 141, 150, 152, 154, 155, 156, 159, 166, 169, 170, 171, 172, 173, 176, 177, 180, 181, 182, 183, 184, 186, 197, 210, 211, 220, 222, 223, 225, 230, 235, 236, 237, 240, 241, 334, 335, 561, 562, 582, 585, 589, 593, 598, 599, 601, 602, 605, 606, 613, 620, 626, 650, 657, 659, 666, 668, 670, 677, 686, 687, 689, 701, 706, 707, 710, 713, 715, 722, 723, 725, 727, 740, 754, 759, 760, 773, 784, 785, 786, 787, 794, 805, 807, 808, 811, 813, 820, 821, 828, 829, 830, 831, 837, 843, 849, 857, 870, 883, 897, 912, 914, 919, 920, 927, 934, 941, 942, 952, 953, 957, 958, 961, 1081], "summary": {"covered_lines": 138, "num_statements": 300, "percent_covered": 46.0, "percent_covered_display": "46", "missing_lines": 162, "excluded_lines": 0, "percent_statements_covered": 46.0, "percent_statements_covered_display": "46"}, "missing_lines": [31, 33, 55, 56, 57, 58, 59, 60, 62, 63, 64, 65, 66, 69, 70, 71, 72, 73, 74, 75, 76, 78, 79, 87, 88, 89, 91, 92, 95, 151, 153, 178, 267, 268, 270, 272, 273, 275, 276, 278, 279, 281, 286, 288, 289, 291, 295, 308, 309, 310, 314, 356, 360, 361, 367, 368, 369, 371, 373, 374, 376, 377, 389, 390, 391, 392, 401, 413, 415, 416, 417, 419, 433, 434, 435, 436, 444, 453, 454, 464, 465, 469, 470, 473, 475, 476, 477, 478, 493, 502, 506, 507, 509, 510, 511, 512, 513, 514, 518, 519, 520, 534, 535, 536, 538, 539, 540, 542, 543, 545, 547, 558, 621, 622, 623, 624, 688, 711, 712, 766, 809, 814, 817, 818, 966, 967, 968, 969, 982, 994, 998, 999, 1000, 1001, 1002, 1003, 1004, 1008, 1009, 1010, 1024, 1026, 1027, 1029, 1034, 1036, 1042, 1043, 1050, 1051, 1052, 1059, 1060, 1061, 1062, 1064, 1066, 1067, 1070, 1071, 1073, 1074], "excluded_lines": [], "start_line": 1}}}, "github_mcp/workspace_tools/task_workflows.py": {"executed_lines": [3, 5, 6, 8, 10, 13, 21, 24, 36, 37, 54, 55, 56, 58, 60, 62, 64, 67, 68, 70, 72, 73, 79, 87, 89, 90, 91, 92, 100, 102, 125, 145, 146, 158, 159, 160, 162, 164, 167, 168, 170, 177, 178, 179, 180, 182, 191, 194, 202, 211, 212, 230, 233, 234, 267, 268, 269, 271, 273, 276, 277, 278, 281, 284, 285, 287, 296, 297, 298, 299, 307, 309, 310, 311, 316, 317, 318, 319, 325, 328, 337, 344, 345, 346, 348, 353, 354, 355, 356, 357, 364, 367, 377, 380, 381, 382, 383, 384, 385, 394, 397, 408, 419, 421, 422, 423, 424, 425, 426, 427, 437, 440, 452, 459, 460, 466, 468, 469, 470, 471, 472, 473, 474, 475, 476, 487, 490, 506, 507, 508, 509, 510, 511, 519, 522, 538, 539], "summary": {"covered_lines": 137, "num_statements": 182, "percent_covered": 75.27472527472527, "percent_covered_display": "75", "missing_lines": 45, "excluded_lines": 0, "percent_statements_covered": 75.27472527472527, "percent_statements_covered_display": "75"}, "missing_lines": [32, 33, 57, 59, 61, 63, 65, 80, 135, 136, 139, 140, 141, 142, 161, 163, 165, 195, 203, 220, 221, 224, 225, 226, 227, 270, 272, 274, 279, 282, 329, 339, 368, 398, 409, 441, 454, 491, 523, 556, 557, 560, 561, 562, 563], "excluded_lines": [], "functions": {"_step": {"executed_lines": [21], "summary": {"covered_lines": 1, "num_statements": 1, "percent_covered": 100.0, "percent_covered_display": "100", "missing_lines": 0, "excluded_lines": 0, "percent_statements_covered": 100.0, "percent_statements_covered_display": "100"}, "missing_lines": [], "excluded_lines": [], "start_line": 13}, "_error_return": {"executed_lines": [], "summary": {"covered_lines": 0, "num_statements": 2, "percent_covered": 0.0, "percent_covered_display": "0", "missing_lines": 2, "excluded_lines": 0, "percent_statements_covered": 0.0, "percent_statements_covered_display": "0"}, "missing_lines": [32, 33], "excluded_lines": [], "start_line": 24}, "workspace_task_plan": {"executed_lines": [54, 55, 56, 58, 60, 62, 64, 67, 68, 70, 72, 73, 79, 87, 89, 90, 91, 92, 100, 102, 125], "summary": {"covered_lines": 21, "num_statements": 33, "percent_covered": 63.63636363636363, "percent_covered_display": "64", "missing_lines": 12, "excluded_lines": 0, "percent_statements_covered": 63.63636363636363, "percent_statements_covered_display": "64"}, "missing_lines": [57, 59, 61, 63, 65, 80, 135, 136, 139, 140, 141, 142], "excluded_lines": [], "start_line": 37}, "workspace_task_apply_edits": {"executed_lines": [158, 159, 160, 162, 164, 167, 168, 170, 177, 178, 179, 180, 182, 191, 194, 202, 211, 212], "summary": {"covered_lines": 18, "num_statements": 29, "percent_covered": 62.06896551724138, "percent_covered_display": "62", "missing_lines": 11, "excluded_lines": 0, "percent_statements_covered": 62.06896551724138, "percent_statements_covered_display": "62"}, "missing_lines": [161, 163, 165, 195, 203, 220, 221, 224, 225, 226, 227], "excluded_lines": [], "start_line": 146}, "workspace_task_execute": {"executed_lines": [267, 268, 269, 271, 273, 276, 277, 278, 281, 284, 285, 287, 296, 297, 298, 299, 307, 309, 310, 311, 316, 317, 318, 319, 325, 328, 337, 344, 345, 346, 348, 353, 354, 355, 356, 357, 364, 367, 377, 380, 381, 382, 383, 384, 385, 394, 397, 408, 419, 421, 422, 423, 424, 425, 426, 427, 437, 440, 452, 459, 460, 466, 468, 469, 470, 471, 472, 473, 474, 475, 476, 487, 490, 506, 507, 508, 509, 510, 511, 519, 522, 538, 539], "summary": {"covered_lines": 83, "num_statements": 103, "percent_covered": 80.58252427184466, "percent_covered_display": "81", "missing_lines": 20, "excluded_lines": 0, "percent_statements_covered": 80.58252427184466, "percent_statements_covered_display": "81"}, "missing_lines": [270, 272, 274, 279, 282, 329, 339, 368, 398, 409, 441, 454, 491, 523, 556, 557, 560, 561, 562, 563], "excluded_lines": [], "start_line": 234}, "": {"executed_lines": [3, 5, 6, 8, 10, 13, 24, 36, 37, 145, 146, 230, 233, 234], "summary": {"covered_lines": 14, "num_statements": 14, "percent_covered": 100.0, "percent_covered_display": "100", "missing_lines": 0, "excluded_lines": 0, "percent_statements_covered": 100.0, "percent_statements_covered_display": "100"}, "missing_lines": [], "excluded_lines": [], "start_line": 1}}, "classes": {"": {"executed_lines": [3, 5, 6, 8, 10, 13, 21, 24, 36, 37, 54, 55, 56, 58, 60, 62, 64, 67, 68, 70, 72, 73, 79, 87, 89, 90, 91, 92, 100, 102, 125, 145, 146, 158, 159, 160, 162, 164, 167, 168, 170, 177, 178, 179, 180, 182, 191, 194, 202, 211, 212, 230, 233, 234, 267, 268, 269, 271, 273, 276, 277, 278, 281, 284, 285, 287, 296, 297, 298, 299, 307, 309, 310, 311, 316, 317, 318, 319, 325, 328, 337, 344, 345, 346, 348, 353, 354, 355, 356, 357, 364, 367, 377, 380, 381, 382, 383, 384, 385, 394, 397, 408, 419, 421, 422, 423, 424, 425, 426, 427, 437, 440, 452, 459, 460, 466, 468, 469, 470, 471, 472, 473, 474, 475, 476, 487, 490, 506, 507, 508, 509, 510, 511, 519, 522, 538, 539], "summary": {"covered_lines": 137, "num_statements": 182, "percent_covered": 75.27472527472527, "percent_covered_display": "75", "missing_lines": 45, "excluded_lines": 0, "percent_statements_covered": 75.27472527472527, "percent_statements_covered_display": "75"}, "missing_lines": [32, 33, 57, 59, 61, 63, 65, 80, 135, 136, 139, 140, 141, 142, 161, 163, 165, 195, 203, 220, 221, 224, 225, 226, 227, 270, 272, 274, 279, 282, 329, 339, 368, 398, 409, 441, 454, 491, 523, 556, 557, 560, 561, 562, 563], "excluded_lines": [], "start_line": 1}}}, "github_mcp/workspace_tools/venv.py": {"executed_lines": [11, 13, 14, 15, 17, 18, 19, 20, 22, 29, 30, 41, 42, 43, 44, 46, 48, 49, 50, 51, 52, 53, 73, 74, 84, 85, 91, 92, 93, 94, 96, 97, 98, 107, 108, 114, 115, 116, 117, 118, 119], "summary": {"covered_lines": 41, "num_statements": 56, "percent_covered": 73.21428571428571, "percent_covered_display": "73", "missing_lines": 15, "excluded_lines": 0, "percent_statements_covered": 73.21428571428571, "percent_statements_covered_display": "73"}, "missing_lines": [54, 55, 57, 61, 62, 68, 69, 70, 71, 80, 81, 103, 104, 123, 124], "excluded_lines": [], "functions": {"workspace_venv_start": {"executed_lines": [41, 42, 43, 44, 46, 48, 49, 50, 51, 52, 53, 73, 74], "summary": {"covered_lines": 13, "num_statements": 24, "percent_covered": 54.166666666666664, "percent_covered_display": "54", "missing_lines": 11, "excluded_lines": 0, "percent_statements_covered": 54.166666666666664, "percent_statements_covered_display": "54"}, "missing_lines": [54, 55, 57, 61, 62, 68, 69, 70, 71, 80, 81], "excluded_lines": [], "start_line": 30}, "workspace_venv_stop": {"executed_lines": [91, 92, 93, 94, 96, 97, 98], "summary": {"covered_lines": 7, "num_statements": 9, "percent_covered": 77.77777777777777, "percent_covered_display": "78", "missing_lines": 2, "excluded_lines": 0, "percent_statements_covered": 77.77777777777777, "percent_statements_covered_display": "78"}, "missing_lines": [103, 104], "excluded_lines": [], "start_line": 85}, "workspace_venv_status": {"executed_lines": [114, 115, 116, 117, 118, 119], "summary": {"covered_lines": 6, "num_statements": 8, "percent_covered": 75.0, "percent_covered_display": "75", "missing_lines": 2, "excluded_lines": 0, "percent_statements_covered": 75.0, "percent_statements_covered_display": "75"}, "missing_lines": [123, 124], "excluded_lines": [], "start_line": 108}, "": {"executed_lines": [11, 13, 14, 15, 17, 18, 19, 20, 22, 29, 30, 84, 85, 107, 108], "summary": {"covered_lines": 15, "num_statements": 15, "percent_covered": 100.0, "percent_covered_display": "100", "missing_lines": 0, "excluded_lines": 0, "percent_statements_covered": 100.0, "percent_statements_covered_display": "100"}, "missing_lines": [], "excluded_lines": [], "start_line": 1}}, "classes": {"": {"executed_lines": [11, 13, 14, 15, 17, 18, 19, 20, 22, 29, 30, 41, 42, 43, 44, 46, 48, 49, 50, 51, 52, 53, 73, 74, 84, 85, 91, 92, 93, 94, 96, 97, 98, 107, 108, 114, 115, 116, 117, 118, 119], "summary": {"covered_lines": 41, "num_statements": 56, "percent_covered": 73.21428571428571, "percent_covered_display": "73", "missing_lines": 15, "excluded_lines": 0, "percent_statements_covered": 73.21428571428571, "percent_statements_covered_display": "73"}, "missing_lines": [54, 55, 57, 61, 62, 68, 69, 70, 71, 80, 81, 103, 104, 123, 124], "excluded_lines": [], "start_line": 1}}}, "github_mcp/workspace_tools/workflows.py": {"executed_lines": [3, 5, 6, 7, 9, 11, 12, 14, 17, 29, 30, 32, 33, 34, 35, 36, 37, 38, 39, 40, 41, 44, 46, 48, 51, 52, 53, 54, 55, 56, 57, 58, 67, 70, 73, 75, 77, 78, 79, 81, 83, 86, 94, 100, 101, 104, 119, 120, 123, 124, 164, 166, 167, 169, 171, 172, 173, 175, 177, 179, 186, 187, 188, 193, 194, 195, 196, 202, 205, 213, 223, 224, 225, 227, 233, 234, 235, 236, 237, 244, 247, 256, 258, 259, 260, 261, 262, 263, 272, 275, 285, 295, 297, 298, 299, 300, 301, 302, 303, 313, 316, 317, 327, 329, 336, 337, 338, 339, 340, 341, 342, 353, 356, 369, 377, 391, 393, 399, 400, 401, 402, 405, 406, 435, 436, 437, 439, 442, 444, 447, 448, 449, 450, 451, 453, 454, 456, 458, 459, 460, 462, 463, 465, 466, 467, 520, 521, 524, 525, 550, 551, 552, 554, 555, 557, 559, 561, 563, 565, 567, 569, 572, 580, 581, 582, 583, 584, 595, 598, 607, 608, 610, 616, 617, 618, 619, 622, 626, 627, 628, 634, 641, 668, 696, 714, 723, 724, 725, 728, 730, 740, 741, 742, 753, 754, 771, 772, 774, 776, 779, 780, 782, 783, 784, 786, 787, 788, 798, 799, 800, 801, 803, 807, 808], "summary": {"covered_lines": 214, "num_statements": 282, "percent_covered": 75.88652482269504, "percent_covered_display": "76", "missing_lines": 68, "excluded_lines": 0, "percent_statements_covered": 75.88652482269504, "percent_statements_covered_display": "76"}, "missing_lines": [43, 47, 49, 74, 76, 80, 82, 168, 170, 206, 215, 248, 276, 286, 357, 438, 440, 443, 445, 452, 455, 457, 471, 472, 473, 474, 475, 476, 477, 479, 480, 486, 487, 488, 491, 492, 494, 495, 497, 498, 499, 500, 517, 558, 560, 562, 564, 566, 568, 570, 599, 620, 623, 624, 726, 743, 744, 747, 748, 749, 750, 773, 775, 777, 804, 805, 822, 823], "excluded_lines": [], "functions": {"_parse_unified_diff_hunks": {"executed_lines": [29, 30, 32, 33, 34, 35, 36, 37, 38, 39, 40, 41, 44, 46, 48, 51, 52, 53, 54, 55, 56, 57, 58, 67], "summary": {"covered_lines": 24, "num_statements": 27, "percent_covered": 88.88888888888889, "percent_covered_display": "89", "missing_lines": 3, "excluded_lines": 0, "percent_statements_covered": 88.88888888888889, "percent_statements_covered_display": "89"}, "missing_lines": [43, 47, 49], "excluded_lines": [], "start_line": 17}, "_excerpt_window": {"executed_lines": [73, 75, 77, 78, 79, 81, 83], "summary": {"covered_lines": 7, "num_statements": 11, "percent_covered": 63.63636363636363, "percent_covered_display": "64", "missing_lines": 4, "excluded_lines": 0, "percent_statements_covered": 63.63636363636363, "percent_statements_covered_display": "64"}, "missing_lines": [74, 76, 80, 82], "excluded_lines": [], "start_line": 70}, "_step": {"executed_lines": [94, 100, 101], "summary": {"covered_lines": 3, "num_statements": 3, "percent_covered": 100.0, "percent_covered_display": "100", "missing_lines": 0, "excluded_lines": 0, "percent_statements_covered": 100.0, "percent_statements_covered_display": "100"}, "missing_lines": [], "excluded_lines": [], "start_line": 86}, "_error_return": {"executed_lines": [119, 120], "summary": {"covered_lines": 2, "num_statements": 2, "percent_covered": 100.0, "percent_covered_display": "100", "missing_lines": 0, "excluded_lines": 0, "percent_statements_covered": 100.0, "percent_statements_covered_display": "100"}, "missing_lines": [], "excluded_lines": [], "start_line": 104}, "workspace_apply_ops_and_open_pr": {"executed_lines": [164, 166, 167, 169, 171, 172, 173, 175, 177, 179, 186, 187, 188, 193, 194, 195, 196, 202, 205, 213, 223, 224, 225, 227, 233, 234, 235, 236, 237, 244, 247, 256, 258, 259, 260, 261, 262, 263, 272, 275, 285, 295, 297, 298, 299, 300, 301, 302, 303, 313, 316, 317, 327, 329, 336, 337, 338, 339, 340, 341, 342, 353, 356, 369, 377, 391, 393, 399, 400, 401, 402], "summary": {"covered_lines": 71, "num_statements": 79, "percent_covered": 89.87341772151899, "percent_covered_display": "90", "missing_lines": 8, "excluded_lines": 0, "percent_statements_covered": 89.87341772151899, "percent_statements_covered_display": "90"}, "missing_lines": [168, 170, 206, 215, 248, 276, 286, 357], "excluded_lines": [], "start_line": 124}, "workspace_manage_folders_and_open_pr": {"executed_lines": [435, 436, 437, 439, 442, 444, 447, 462, 463, 465, 466, 467, 520, 521], "summary": {"covered_lines": 14, "num_statements": 39, "percent_covered": 35.8974358974359, "percent_covered_display": "36", "missing_lines": 25, "excluded_lines": 0, "percent_statements_covered": 35.8974358974359, "percent_statements_covered_display": "36"}, "missing_lines": [438, 440, 443, 445, 471, 472, 473, 474, 475, 476, 477, 479, 480, 486, 487, 488, 491, 492, 494, 495, 497, 498, 499, 500, 517], "excluded_lines": [], "start_line": 406}, "workspace_manage_folders_and_open_pr._clean_paths": {"executed_lines": [448, 449, 450, 451, 453, 454, 456, 458, 459, 460], "summary": {"covered_lines": 10, "num_statements": 13, "percent_covered": 76.92307692307692, "percent_covered_display": "77", "missing_lines": 3, "excluded_lines": 0, "percent_statements_covered": 76.92307692307692, "percent_statements_covered_display": "77"}, "missing_lines": [452, 455, 457], "excluded_lines": [], "start_line": 447}, "workspace_change_report": {"executed_lines": [550, 551, 552, 554, 555, 557, 559, 561, 563, 565, 567, 569, 572, 580, 581, 582, 583, 584, 595, 598, 607, 608, 610, 616, 617, 618, 619, 622, 626, 627, 628, 634, 641, 668, 696, 714, 723, 724, 725, 728, 730, 740, 741, 742], "summary": {"covered_lines": 44, "num_statements": 62, "percent_covered": 70.96774193548387, "percent_covered_display": "71", "missing_lines": 18, "excluded_lines": 0, "percent_statements_covered": 70.96774193548387, "percent_statements_covered_display": "71"}, "missing_lines": [558, 560, 562, 564, 566, 568, 570, 599, 620, 623, 624, 726, 743, 744, 747, 748, 749, 750], "excluded_lines": [], "start_line": 525}, "workspace_read_files_in_sections": {"executed_lines": [771, 772, 774, 776, 779, 780, 782, 783, 784, 786, 787, 788, 798, 799, 800, 801, 803, 807, 808], "summary": {"covered_lines": 19, "num_statements": 26, "percent_covered": 73.07692307692308, "percent_covered_display": "73", "missing_lines": 7, "excluded_lines": 0, "percent_statements_covered": 73.07692307692308, "percent_statements_covered_display": "73"}, "missing_lines": [773, 775, 777, 804, 805, 822, 823], "excluded_lines": [], "start_line": 754}, "": {"executed_lines": [3, 5, 6, 7, 9, 11, 12, 14, 17, 70, 86, 104, 123, 124, 405, 406, 524, 525, 753, 754], "summary": {"covered_lines": 20, "num_statements": 20, "percent_covered": 100.0, "percent_covered_display": "100", "missing_lines": 0, "excluded_lines": 0, "percent_statements_covered": 100.0, "percent_statements_covered_display": "100"}, "missing_lines": [], "excluded_lines": [], "start_line": 1}}, "classes": {"": {"executed_lines": [3, 5, 6, 7, 9, 11, 12, 14, 17, 29, 30, 32, 33, 34, 35, 36, 37, 38, 39, 40, 41, 44, 46, 48, 51, 52, 53, 54, 55, 56, 57, 58, 67, 70, 73, 75, 77, 78, 79, 81, 83, 86, 94, 100, 101, 104, 119, 120, 123, 124, 164, 166, 167, 169, 171, 172, 173, 175, 177, 179, 186, 187, 188, 193, 194, 195, 196, 202, 205, 213, 223, 224, 225, 227, 233, 234, 235, 236, 237, 244, 247, 256, 258, 259, 260, 261, 262, 263, 272, 275, 285, 295, 297, 298, 299, 300, 301, 302, 303, 313, 316, 317, 327, 329, 336, 337, 338, 339, 340, 341, 342, 353, 356, 369, 377, 391, 393, 399, 400, 401, 402, 405, 406, 435, 436, 437, 439, 442, 444, 447, 448, 449, 450, 451, 453, 454, 456, 458, 459, 460, 462, 463, 465, 466, 467, 520, 521, 524, 525, 550, 551, 552, 554, 555, 557, 559, 561, 563, 565, 567, 569, 572, 580, 581, 582, 583, 584, 595, 598, 607, 608, 610, 616, 617, 618, 619, 622, 626, 627, 628, 634, 641, 668, 696, 714, 723, 724, 725, 728, 730, 740, 741, 742, 753, 754, 771, 772, 774, 776, 779, 780, 782, 783, 784, 786, 787, 788, 798, 799, 800, 801, 803, 807, 808], "summary": {"covered_lines": 214, "num_statements": 282, "percent_covered": 75.88652482269504, "percent_covered_display": "76", "missing_lines": 68, "excluded_lines": 0, "percent_statements_covered": 75.88652482269504, "percent_statements_covered_display": "76"}, "missing_lines": [43, 47, 49, 74, 76, 80, 82, 168, 170, 206, 215, 248, 276, 286, 357, 438, 440, 443, 445, 452, 455, 457, 471, 472, 473, 474, 475, 476, 477, 479, 480, 486, 487, 488, 491, 492, 494, 495, 497, 498, 499, 500, 517, 558, 560, 562, 564, 566, 568, 570, 599, 620, 623, 624, 726, 743, 744, 747, 748, 749, 750, 773, 775, 777, 804, 805, 822, 823], "excluded_lines": [], "start_line": 1}}}}, "totals": {"covered_lines": 7634, "num_statements": 14402, "percent_covered": 53.00652687126788, "percent_covered_display": "53", "missing_lines": 6768, "excluded_lines": 164, "percent_statements_covered": 53.00652687126788, "percent_statements_covered_display": "53"}}